{
    "all_optimizers": 0.0006727210000000001,
    "cumulative_optimizer_timing": 0.0006709950000000002,
    "planner": 0.000379596,
    "planner_binding": 0.000377061,
    "physical_planner": 0.000046593,
    "physical_planner_column_binding": 0.000007709,
    "physical_planner_resolve_types": 0.000002003,
    "physical_planner_create_plan": 0.000031112,
    "optimizer_expression_rewriter": 0.00016837,
    "optimizer_filter_pullup": 0.00000291,
    "optimizer_filter_pushdown": 0.000167711,
    "optimizer_cte_filter_pusher": 0.000001675,
    "optimizer_regex_range": 9.55e-7,
    "optimizer_in_clause": 0.000003096,
    "optimizer_join_order": 0.000149402,
    "rows_returned": 1,
    "optimizer_reorder_filter": 0.000013079,
    "latency": 0.509699694,
    "optimizer_duplicate_groups": 0.000005631,
    "result_set_size": 16,
    "optimizer_join_filter_pushdown": 0.000020907,
    "optimizer_compressed_materialization": 0.0,
    "optimizer_top_n": 0.000001069,
    "cumulative_rows_scanned": 239946764,
    "optimizer_limit_pushdown": 9.12e-7,
    "optimizer_build_side_probe_side": 0.000012607,
    "optimizer_column_lifetime": 0.000016708,
    "cumulative_cardinality": 3579370,
    "optimizer_common_aggregate": 0.000008216,
    "extra_info": {},
    "optimizer_common_subexpressions": 0.000010159,
    "cpu_time": 1.9503682240000006,
    "optimizer_statistics_propagation": 0.000071201,
    "blocked_thread_time": 0.0,
    "optimizer_unused_columns": 0.000014082,
    "query_name": "",
    "optimizer_unnest_rewriter": 9.63e-7,
    "optimizer_materialized_cte": 0.0,
    "optimizer_extension": 0.0,
    "optimizer_deliminator": 0.000001342,
    "children": [
        {
            "result_set_size": 16,
            "operator_timing": 0.000001875,
            "operator_rows_scanned": 0,
            "cumulative_rows_scanned": 239946764,
            "operator_cardinality": 1,
            "operator_type": "STREAMING_LIMIT",
            "cumulative_cardinality": 3579370,
            "extra_info": {},
            "cpu_time": 1.9503682240000006,
            "children": [
                {
                    "result_set_size": 16,
                    "operator_timing": 0.004424457,
                    "operator_rows_scanned": 0,
                    "cumulative_rows_scanned": 239946764,
                    "operator_cardinality": 1,
                    "operator_type": "UNGROUPED_AGGREGATE",
                    "cumulative_cardinality": 3579369,
                    "extra_info": {
                        "Aggregates": "sum(#0)"
                    },
                    "cpu_time": 1.9503663490000007,
                    "children": [
                        {
                            "result_set_size": 4772004,
                            "operator_timing": 0.0034128139999999997,
                            "operator_rows_scanned": 0,
                            "cumulative_rows_scanned": 239946764,
                            "operator_cardinality": 1193001,
                            "operator_type": "PROJECTION",
                            "cumulative_cardinality": 3579368,
                            "extra_info": {
                                "Projections": "(LO_EXTENDEDPRICE * CAST(LO_DISCOUNT AS INTEGER))",
                                "Estimated Cardinality": "3302980"
                            },
                            "cpu_time": 1.9459418920000007,
                            "children": [
                                {
                                    "result_set_size": 15509013,
                                    "operator_timing": 0.24234491600000027,
                                    "operator_rows_scanned": 0,
                                    "cumulative_rows_scanned": 239946764,
                                    "operator_cardinality": 1193001,
                                    "operator_type": "HASH_JOIN",
                                    "cumulative_cardinality": 2386367,
                                    "extra_info": {
                                        "Join Type": "INNER",
                                        "Conditions": "LO_ORDERDATE = D_DATEKEY",
                                        "Build Min": "1992-01-01",
                                        "Build Max": "1998-12-30",
                                        "Estimated Cardinality": "3302980"
                                    },
                                    "cpu_time": 1.9425290780000006,
                                    "children": [
                                        {
                                            "result_set_size": 10737009,
                                            "operator_timing": 1.7001322860000005,
                                            "operator_rows_scanned": 239944208,
                                            "cumulative_rows_scanned": 239944208,
                                            "operator_cardinality": 1193001,
                                            "operator_type": "TABLE_SCAN",
                                            "cumulative_cardinality": 1193001,
                                            "extra_info": {
                                                "Text": "lineorder",
                                                "Projections": [
                                                    "LO_ORDERDATE",
                                                    "LO_DISCOUNT",
                                                    "LO_EXTENDEDPRICE"
                                                ],
                                                "Filters": [
                                                    "LO_DISCOUNT>=1 AND LO_DISCOUNT<=3 AND LO_DISCOUNT IS NOT NULL",
                                                    "LO_QUANTITY<25 AND LO_QUANTITY IS NOT NULL"
                                                ],
                                                "Estimated Cardinality": "11997210"
                                            },
                                            "cpu_time": 1.7001322860000005,
                                            "children": []
                                        },
                                        {
                                            "result_set_size": 1460,
                                            "operator_timing": 0.000051876,
                                            "operator_rows_scanned": 2556,
                                            "cumulative_rows_scanned": 2556,
                                            "operator_cardinality": 365,
                                            "operator_type": "TABLE_SCAN",
                                            "cumulative_cardinality": 365,
                                            "extra_info": {
                                                "Text": "date",
                                                "Projections": "D_DATEKEY",
                                                "Filters": "D_YEAR=1993 AND D_YEAR IS NOT NULL",
                                                "Estimated Cardinality": "639"
                                            },
                                            "cpu_time": 0.000051876,
                                            "children": []
                                        }
                                    ]
                                }
                            ]
                        }
                    ]
                }
            ]
        }
    ]
}