{
    "all_optimizers": 0.001565824,
    "cumulative_optimizer_timing": 0.001562535,
    "planner": 0.00048471200000000004,
    "planner_binding": 0.000481495,
    "physical_planner": 0.00013305999999999998,
    "physical_planner_column_binding": 0.000030197,
    "physical_planner_resolve_types": 0.000006745,
    "physical_planner_create_plan": 0.000085585,
    "optimizer_expression_rewriter": 0.000127541,
    "optimizer_filter_pullup": 0.000004722,
    "optimizer_filter_pushdown": 0.000219835,
    "optimizer_cte_filter_pusher": 0.00000191,
    "optimizer_regex_range": 0.000001542,
    "optimizer_in_clause": 0.000004229,
    "optimizer_join_order": 0.000538082,
    "rows_returned": 7,
    "optimizer_reorder_filter": 0.000019993,
    "latency": 5.91547157,
    "optimizer_duplicate_groups": 0.000014571,
    "result_set_size": 238,
    "optimizer_join_filter_pushdown": 0.000054913,
    "optimizer_compressed_materialization": 0.0,
    "optimizer_top_n": 0.00000326,
    "cumulative_rows_scanned": 2406154164,
    "optimizer_limit_pushdown": 0.0000013,
    "optimizer_build_side_probe_side": 0.000033735,
    "optimizer_column_lifetime": 0.00006274899999999999,
    "cumulative_cardinality": 600215573,
    "optimizer_common_aggregate": 0.000015299,
    "extra_info": {},
    "optimizer_common_subexpressions": 0.000007036,
    "cpu_time": 22.509325464999986,
    "optimizer_statistics_propagation": 0.000423524,
    "blocked_thread_time": 0.0,
    "optimizer_unused_columns": 0.000025206,
    "query_name": "",
    "optimizer_unnest_rewriter": 0.00000139,
    "optimizer_materialized_cte": 0.0,
    "optimizer_extension": 0.0,
    "optimizer_deliminator": 0.000001698,
    "children": [
        {
            "result_set_size": 238,
            "operator_timing": 0.00029287499999999995,
            "operator_rows_scanned": 0,
            "cumulative_rows_scanned": 2406154164,
            "operator_cardinality": 7,
            "operator_type": "TOP_N",
            "cumulative_cardinality": 600215573,
            "extra_info": {
                "Top": "10000",
                "Order By": [
                    "date.d_year ASC",
                    "part.p_brand1 ASC"
                ]
            },
            "cpu_time": 22.509325464999986,
            "children": [
                {
                    "result_set_size": 238,
                    "operator_timing": 0.000007535,
                    "operator_rows_scanned": 0,
                    "cumulative_rows_scanned": 2406154164,
                    "operator_cardinality": 7,
                    "operator_type": "PROJECTION",
                    "cumulative_cardinality": 600215566,
                    "extra_info": {
                        "Projections": [
                            "sum(LO_REVENUE)",
                            "D_YEAR",
                            "P_BRAND1"
                        ],
                        "Estimated Cardinality": "65057"
                    },
                    "cpu_time": 22.509032589999986,
                    "children": [
                        {
                            "result_set_size": 238,
                            "operator_timing": 0.000040326,
                            "operator_rows_scanned": 0,
                            "cumulative_rows_scanned": 2406154164,
                            "operator_cardinality": 7,
                            "operator_type": "PROJECTION",
                            "cumulative_cardinality": 600215559,
                            "extra_info": {
                                "Projections": [
                                    "__internal_decompress_integral_smallint(#0, 1992)",
                                    "__internal_decompress_string(#1)",
                                    "#2"
                                ],
                                "Estimated Cardinality": "65057"
                            },
                            "cpu_time": 22.509025054999984,
                            "children": [
                                {
                                    "result_set_size": 231,
                                    "operator_timing": 0.015973280999999995,
                                    "operator_rows_scanned": 0,
                                    "cumulative_rows_scanned": 2406154164,
                                    "operator_cardinality": 7,
                                    "operator_type": "HASH_GROUP_BY",
                                    "cumulative_cardinality": 600215552,
                                    "extra_info": {
                                        "Groups": [
                                            "#0",
                                            "#1"
                                        ],
                                        "Aggregates": "sum(#2)",
                                        "Estimated Cardinality": "65057"
                                    },
                                    "cpu_time": 22.508984728999984,
                                    "children": [
                                        {
                                            "result_set_size": 2524305,
                                            "operator_timing": 0.00045151,
                                            "operator_rows_scanned": 0,
                                            "cumulative_rows_scanned": 2406154164,
                                            "operator_cardinality": 120205,
                                            "operator_type": "PROJECTION",
                                            "cumulative_cardinality": 600215545,
                                            "extra_info": {
                                                "Projections": [
                                                    "D_YEAR",
                                                    "P_BRAND1",
                                                    "LO_REVENUE"
                                                ],
                                                "Estimated Cardinality": "130114"
                                            },
                                            "cpu_time": 22.493011447999983,
                                            "children": [
                                                {
                                                    "result_set_size": 5409225,
                                                    "operator_timing": 0.012722879999999999,
                                                    "operator_rows_scanned": 0,
                                                    "cumulative_rows_scanned": 2406154164,
                                                    "operator_cardinality": 120205,
                                                    "operator_type": "PROJECTION",
                                                    "cumulative_cardinality": 600095340,
                                                    "extra_info": {
                                                        "Projections": [
                                                            "#0",
                                                            "__internal_compress_integral_uinteger(#1, 1)",
                                                            "__internal_compress_integral_uinteger(#2, 1)",
                                                            "#3",
                                                            "__internal_compress_integral_uinteger(#4, 1)",
                                                            "__internal_compress_string_hugeint(#5)",
                                                            "__internal_compress_integral_uinteger(#6, 1)",
                                                            "#7",
                                                            "__internal_compress_integral_utinyint(#8, 1992)"
                                                        ],
                                                        "Estimated Cardinality": "130114"
                                                    },
                                                    "cpu_time": 22.49255993799998,
                                                    "children": [
                                                        {
                                                            "result_set_size": 7452710,
                                                            "operator_timing": 0.0026193699999999998,
                                                            "operator_rows_scanned": 0,
                                                            "cumulative_rows_scanned": 2406154164,
                                                            "operator_cardinality": 120205,
                                                            "operator_type": "HASH_JOIN",
                                                            "cumulative_cardinality": 599975135,
                                                            "extra_info": {
                                                                "Join Type": "INNER",
                                                                "Conditions": "LO_ORDERDATE = D_DATEKEY",
                                                                "Build Min": "1992-01-01",
                                                                "Build Max": "1998-12-30",
                                                                "Estimated Cardinality": "130114"
                                                            },
                                                            "cpu_time": 22.479837057999983,
                                                            "children": [
                                                                {
                                                                    "result_set_size": 6731480,
                                                                    "operator_timing": 0.012564615999999999,
                                                                    "operator_rows_scanned": 0,
                                                                    "cumulative_rows_scanned": 2406151608,
                                                                    "operator_cardinality": 120205,
                                                                    "operator_type": "HASH_JOIN",
                                                                    "cumulative_cardinality": 599852374,
                                                                    "extra_info": {
                                                                        "Join Type": "INNER",
                                                                        "Conditions": "LO_SUPPKEY = S_SUPPKEY",
                                                                        "Build Min": "1",
                                                                        "Build Max": "200000",
                                                                        "Estimated Cardinality": "118152"
                                                                    },
                                                                    "cpu_time": 22.47719170599998,
                                                                    "children": [
                                                                        {
                                                                            "result_set_size": 28880256,
                                                                            "operator_timing": 4.803898197999993,
                                                                            "operator_rows_scanned": 0,
                                                                            "cumulative_rows_scanned": 2405751608,
                                                                            "operator_cardinality": 601672,
                                                                            "operator_type": "HASH_JOIN",
                                                                            "cumulative_cardinality": 599692256,
                                                                            "extra_info": {
                                                                                "Join Type": "INNER",
                                                                                "Conditions": "LO_PARTKEY = P_PARTKEY",
                                                                                "Build Min": "1",
                                                                                "Build Max": "1000000",
                                                                                "Estimated Cardinality": "550624"
                                                                            },
                                                                            "cpu_time": 22.461776835999984,
                                                                            "children": [
                                                                                {
                                                                                    "result_set_size": 14378116752,
                                                                                    "operator_timing": 17.63280736599999,
                                                                                    "operator_rows_scanned": 2400151608,
                                                                                    "cumulative_rows_scanned": 2400151608,
                                                                                    "operator_cardinality": 599088198,
                                                                                    "operator_type": "TABLE_SCAN",
                                                                                    "cumulative_cardinality": 599088198,
                                                                                    "extra_info": {
                                                                                        "Text": "lineorder",
                                                                                        "Projections": [
                                                                                            "LO_ORDERDATE",
                                                                                            "LO_PARTKEY",
                                                                                            "LO_SUPPKEY",
                                                                                            "LO_REVENUE"
                                                                                        ],
                                                                                        "Estimated Cardinality": "600037902"
                                                                                    },
                                                                                    "cpu_time": 17.63280736599999,
                                                                                    "children": []
                                                                                },
                                                                                {
                                                                                    "result_set_size": 24048,
                                                                                    "operator_timing": 0.00293854,
                                                                                    "operator_rows_scanned": 0,
                                                                                    "cumulative_rows_scanned": 5600000,
                                                                                    "operator_cardinality": 1002,
                                                                                    "operator_type": "FILTER",
                                                                                    "cumulative_cardinality": 2386,
                                                                                    "extra_info": {
                                                                                        "Expression": "(P_PARTKEY <= 1000000)",
                                                                                        "Estimated Cardinality": "1273"
                                                                                    },
                                                                                    "cpu_time": 0.025071271999999995,
                                                                                    "children": [
                                                                                        {
                                                                                            "result_set_size": 33216,
                                                                                            "operator_timing": 0.022132731999999995,
                                                                                            "operator_rows_scanned": 5600000,
                                                                                            "cumulative_rows_scanned": 5600000,
                                                                                            "operator_cardinality": 1384,
                                                                                            "operator_type": "TABLE_SCAN",
                                                                                            "cumulative_cardinality": 1384,
                                                                                            "extra_info": {
                                                                                                "Text": "part",
                                                                                                "Projections": [
                                                                                                    "P_PARTKEY",
                                                                                                    "P_BRAND1"
                                                                                                ],
                                                                                                "Filters": "P_BRAND1='MFGR#2221' AND P_BRAND1 IS NOT NULL",
                                                                                                "Estimated Cardinality": "1273"
                                                                                            },
                                                                                            "cpu_time": 0.022132731999999995,
                                                                                            "children": []
                                                                                        }
                                                                                    ]
                                                                                }
                                                                            ]
                                                                        },
                                                                        {
                                                                            "result_set_size": 319304,
                                                                            "operator_timing": 0.002850254,
                                                                            "operator_rows_scanned": 400000,
                                                                            "cumulative_rows_scanned": 400000,
                                                                            "operator_cardinality": 39913,
                                                                            "operator_type": "TABLE_SCAN",
                                                                            "cumulative_cardinality": 39913,
                                                                            "extra_info": {
                                                                                "Text": "supplier",
                                                                                "Projections": "S_SUPPKEY",
                                                                                "Filters": "S_REGION='EUROPE' AND S_REGION IS NOT NULL",
                                                                                "Estimated Cardinality": "40000"
                                                                            },
                                                                            "cpu_time": 0.002850254,
                                                                            "children": []
                                                                        }
                                                                    ]
                                                                },
                                                                {
                                                                    "result_set_size": 15336,
                                                                    "operator_timing": 0.000025982,
                                                                    "operator_rows_scanned": 2556,
                                                                    "cumulative_rows_scanned": 2556,
                                                                    "operator_cardinality": 2556,
                                                                    "operator_type": "TABLE_SCAN",
                                                                    "cumulative_cardinality": 2556,
                                                                    "extra_info": {
                                                                        "Text": "date",
                                                                        "Projections": [
                                                                            "D_DATEKEY",
                                                                            "D_YEAR"
                                                                        ],
                                                                        "Estimated Cardinality": "2556"
                                                                    },
                                                                    "cpu_time": 0.000025982,
                                                                    "children": []
                                                                }
                                                            ]
                                                        }
                                                    ]
                                                }
                                            ]
                                        }
                                    ]
                                }
                            ]
                        }
                    ]
                }
            ]
        }
    ]
}