{
    "all_optimizers": 0.0013215129999999999,
    "cumulative_optimizer_timing": 0.001318207,
    "planner": 0.000442306,
    "planner_binding": 0.000439237,
    "physical_planner": 0.000125826,
    "physical_planner_column_binding": 0.000024002,
    "physical_planner_resolve_types": 0.0000059,
    "physical_planner_create_plan": 0.000085914,
    "optimizer_expression_rewriter": 0.000117824,
    "optimizer_filter_pullup": 0.000003662,
    "optimizer_filter_pushdown": 0.000204917,
    "optimizer_cte_filter_pusher": 0.000001769,
    "optimizer_regex_range": 0.000001485,
    "optimizer_in_clause": 0.000004078,
    "optimizer_join_order": 0.000504668,
    "rows_returned": 7,
    "optimizer_reorder_filter": 0.000016776,
    "latency": 0.328705724,
    "optimizer_duplicate_groups": 0.000014176,
    "result_set_size": 238,
    "optimizer_join_filter_pushdown": 0.000050747,
    "optimizer_compressed_materialization": 0.0,
    "optimizer_top_n": 0.000003141,
    "cumulative_rows_scanned": 6205771,
    "optimizer_limit_pushdown": 0.000001329,
    "optimizer_build_side_probe_side": 0.000032553,
    "optimizer_column_lifetime": 0.00006536899999999999,
    "cumulative_cardinality": 5942495,
    "optimizer_common_aggregate": 0.000011698,
    "extra_info": {},
    "optimizer_common_subexpressions": 0.000006492,
    "cpu_time": 0.3091204020000003,
    "optimizer_statistics_propagation": 0.000251505,
    "blocked_thread_time": 0.0,
    "optimizer_unused_columns": 0.00002334,
    "query_name": "",
    "optimizer_unnest_rewriter": 0.000001447,
    "optimizer_materialized_cte": 0.0,
    "optimizer_extension": 0.0,
    "optimizer_deliminator": 0.000001231,
    "children": [
        {
            "result_set_size": 238,
            "operator_timing": 0.000076621,
            "operator_rows_scanned": 0,
            "cumulative_rows_scanned": 6205771,
            "operator_cardinality": 7,
            "operator_type": "TOP_N",
            "cumulative_cardinality": 5942495,
            "extra_info": {
                "Top": "10000",
                "Order By": [
                    "date.d_year ASC",
                    "part.p_brand1 ASC"
                ]
            },
            "cpu_time": 0.3091204020000003,
            "children": [
                {
                    "result_set_size": 238,
                    "operator_timing": 0.000001286,
                    "operator_rows_scanned": 0,
                    "cumulative_rows_scanned": 6205771,
                    "operator_cardinality": 7,
                    "operator_type": "PROJECTION",
                    "cumulative_cardinality": 5942488,
                    "extra_info": {
                        "Projections": [
                            "sum(LO_REVENUE)",
                            "D_YEAR",
                            "P_BRAND1"
                        ],
                        "Estimated Cardinality": "516"
                    },
                    "cpu_time": 0.3090437810000003,
                    "children": [
                        {
                            "result_set_size": 238,
                            "operator_timing": 0.000015748,
                            "operator_rows_scanned": 0,
                            "cumulative_rows_scanned": 6205771,
                            "operator_cardinality": 7,
                            "operator_type": "PROJECTION",
                            "cumulative_cardinality": 5942481,
                            "extra_info": {
                                "Projections": [
                                    "__internal_decompress_integral_smallint(#0, 1992)",
                                    "__internal_decompress_string(#1)",
                                    "#2"
                                ],
                                "Estimated Cardinality": "516"
                            },
                            "cpu_time": 0.3090424950000003,
                            "children": [
                                {
                                    "result_set_size": 231,
                                    "operator_timing": 0.001334205,
                                    "operator_rows_scanned": 0,
                                    "cumulative_rows_scanned": 6205771,
                                    "operator_cardinality": 7,
                                    "operator_type": "HASH_GROUP_BY",
                                    "cumulative_cardinality": 5942474,
                                    "extra_info": {
                                        "Groups": [
                                            "#0",
                                            "#1"
                                        ],
                                        "Aggregates": "sum(#2)",
                                        "Estimated Cardinality": "516"
                                    },
                                    "cpu_time": 0.3090267470000003,
                                    "children": [
                                        {
                                            "result_set_size": 22848,
                                            "operator_timing": 0.000004641,
                                            "operator_rows_scanned": 0,
                                            "cumulative_rows_scanned": 6205771,
                                            "operator_cardinality": 1088,
                                            "operator_type": "PROJECTION",
                                            "cumulative_cardinality": 5942467,
                                            "extra_info": {
                                                "Projections": [
                                                    "D_YEAR",
                                                    "P_BRAND1",
                                                    "LO_REVENUE"
                                                ],
                                                "Estimated Cardinality": "1032"
                                            },
                                            "cpu_time": 0.30769254200000035,
                                            "children": [
                                                {
                                                    "result_set_size": 31552,
                                                    "operator_timing": 0.000038019,
                                                    "operator_rows_scanned": 0,
                                                    "cumulative_rows_scanned": 6205771,
                                                    "operator_cardinality": 1088,
                                                    "operator_type": "PROJECTION",
                                                    "cumulative_cardinality": 5941379,
                                                    "extra_info": {
                                                        "Projections": [
                                                            "#0",
                                                            "__internal_compress_integral_utinyint(#1, 1992)",
                                                            "#2",
                                                            "#3",
                                                            "__internal_compress_string_hugeint(#4)"
                                                        ],
                                                        "Estimated Cardinality": "1032"
                                                    },
                                                    "cpu_time": 0.3076879010000003,
                                                    "children": [
                                                        {
                                                            "result_set_size": 32640,
                                                            "operator_timing": 0.000827398,
                                                            "operator_rows_scanned": 0,
                                                            "cumulative_rows_scanned": 6205771,
                                                            "operator_cardinality": 1088,
                                                            "operator_type": "HASH_JOIN",
                                                            "cumulative_cardinality": 5940291,
                                                            "extra_info": {
                                                                "Join Type": "INNER",
                                                                "Conditions": "D_DATEKEY = LO_ORDERDATE",
                                                                "Build Min": "1992-01-01",
                                                                "Build Max": "1998-08-02",
                                                                "Estimated Cardinality": "1032"
                                                            },
                                                            "cpu_time": 0.3076498820000003,
                                                            "children": [
                                                                {
                                                                    "result_set_size": 14424,
                                                                    "operator_timing": 0.000050183,
                                                                    "operator_rows_scanned": 2556,
                                                                    "cumulative_rows_scanned": 2556,
                                                                    "operator_cardinality": 2404,
                                                                    "operator_type": "TABLE_SCAN",
                                                                    "cumulative_cardinality": 2404,
                                                                    "extra_info": {
                                                                        "Text": "date",
                                                                        "Projections": [
                                                                            "D_DATEKEY",
                                                                            "D_YEAR"
                                                                        ],
                                                                        "Estimated Cardinality": "2556"
                                                                    },
                                                                    "cpu_time": 0.000050183,
                                                                    "children": []
                                                                },
                                                                {
                                                                    "result_set_size": 60928,
                                                                    "operator_timing": 0.000421551,
                                                                    "operator_rows_scanned": 0,
                                                                    "cumulative_rows_scanned": 6203215,
                                                                    "operator_cardinality": 1088,
                                                                    "operator_type": "HASH_JOIN",
                                                                    "cumulative_cardinality": 5936799,
                                                                    "extra_info": {
                                                                        "Join Type": "INNER",
                                                                        "Conditions": "LO_SUPPKEY = S_SUPPKEY",
                                                                        "Build Min": "1",
                                                                        "Build Max": "2000",
                                                                        "Estimated Cardinality": "937"
                                                                    },
                                                                    "cpu_time": 0.3067723010000003,
                                                                    "children": [
                                                                        {
                                                                            "result_set_size": 281664,
                                                                            "operator_timing": 0.04560604099999999,
                                                                            "operator_rows_scanned": 0,
                                                                            "cumulative_rows_scanned": 6201215,
                                                                            "operator_cardinality": 5868,
                                                                            "operator_type": "HASH_JOIN",
                                                                            "cumulative_cardinality": 5935331,
                                                                            "extra_info": {
                                                                                "Join Type": "INNER",
                                                                                "Conditions": "LO_PARTKEY = P_PARTKEY",
                                                                                "Build Min": "1",
                                                                                "Build Max": "200000",
                                                                                "Estimated Cardinality": "5410"
                                                                            },
                                                                            "cpu_time": 0.3052386430000003,
                                                                            "children": [
                                                                                {
                                                                                    "result_set_size": 142302240,
                                                                                    "operator_timing": 0.25310176200000034,
                                                                                    "operator_rows_scanned": 6001215,
                                                                                    "cumulative_rows_scanned": 6001215,
                                                                                    "operator_cardinality": 5929260,
                                                                                    "operator_type": "TABLE_SCAN",
                                                                                    "cumulative_cardinality": 5929260,
                                                                                    "extra_info": {
                                                                                        "Text": "lineorder",
                                                                                        "Projections": [
                                                                                            "LO_ORDERDATE",
                                                                                            "LO_PARTKEY",
                                                                                            "LO_SUPPKEY",
                                                                                            "LO_REVENUE"
                                                                                        ],
                                                                                        "Estimated Cardinality": "6001215"
                                                                                    },
                                                                                    "cpu_time": 0.25310176200000034,
                                                                                    "children": []
                                                                                },
                                                                                {
                                                                                    "result_set_size": 4872,
                                                                                    "operator_timing": 0.006530840000000001,
                                                                                    "operator_rows_scanned": 200000,
                                                                                    "cumulative_rows_scanned": 200000,
                                                                                    "operator_cardinality": 203,
                                                                                    "operator_type": "TABLE_SCAN",
                                                                                    "cumulative_cardinality": 203,
                                                                                    "extra_info": {
                                                                                        "Text": "part",
                                                                                        "Projections": [
                                                                                            "P_PARTKEY",
                                                                                            "P_BRAND1"
                                                                                        ],
                                                                                        "Filters": "P_BRAND1='MFGR#2221' AND P_BRAND1 IS NOT NULL",
                                                                                        "Estimated Cardinality": "178"
                                                                                    },
                                                                                    "cpu_time": 0.006530840000000001,
                                                                                    "children": []
                                                                                }
                                                                            ]
                                                                        },
                                                                        {
                                                                            "result_set_size": 3040,
                                                                            "operator_timing": 0.001112107,
                                                                            "operator_rows_scanned": 2000,
                                                                            "cumulative_rows_scanned": 2000,
                                                                            "operator_cardinality": 380,
                                                                            "operator_type": "TABLE_SCAN",
                                                                            "cumulative_cardinality": 380,
                                                                            "extra_info": {
                                                                                "Text": "supplier",
                                                                                "Projections": "S_SUPPKEY",
                                                                                "Filters": "S_REGION='EUROPE' AND S_REGION IS NOT NULL",
                                                                                "Estimated Cardinality": "400"
                                                                            },
                                                                            "cpu_time": 0.001112107,
                                                                            "children": []
                                                                        }
                                                                    ]
                                                                }
                                                            ]
                                                        }
                                                    ]
                                                }
                                            ]
                                        }
                                    ]
                                }
                            ]
                        }
                    ]
                }
            ]
        }
    ]
}