{
    "all_optimizers": 0.0019715600000000002,
    "cumulative_optimizer_timing": 0.0019675689999999997,
    "planner": 0.0005450219999999999,
    "planner_binding": 0.000541759,
    "physical_planner": 0.000140068,
    "physical_planner_column_binding": 0.000037562,
    "physical_planner_resolve_types": 0.000007625,
    "physical_planner_create_plan": 0.000082817,
    "optimizer_expression_rewriter": 0.000313213,
    "optimizer_filter_pullup": 0.000003934,
    "optimizer_filter_pushdown": 0.000261527,
    "optimizer_cte_filter_pusher": 0.000001706,
    "optimizer_regex_range": 0.000002385,
    "optimizer_in_clause": 0.00000887,
    "optimizer_join_order": 0.00058155,
    "rows_returned": 4,
    "optimizer_reorder_filter": 0.000026301,
    "latency": 0.485996366,
    "optimizer_duplicate_groups": 0.00001991,
    "result_set_size": 200,
    "optimizer_join_filter_pushdown": 0.000056729,
    "optimizer_compressed_materialization": 0.0,
    "optimizer_top_n": 0.000003449,
    "cumulative_rows_scanned": 240866764,
    "optimizer_limit_pushdown": 0.000001348,
    "optimizer_build_side_probe_side": 0.000035334,
    "optimizer_column_lifetime": 0.000077057,
    "cumulative_cardinality": 1857945,
    "optimizer_common_aggregate": 0.000018472,
    "extra_info": {},
    "optimizer_common_subexpressions": 0.000009595,
    "cpu_time": 1.7667609049999982,
    "optimizer_statistics_propagation": 0.000514041,
    "blocked_thread_time": 0.0,
    "optimizer_unused_columns": 0.000029588,
    "query_name": "",
    "optimizer_unnest_rewriter": 0.000001295,
    "optimizer_materialized_cte": 0.0,
    "optimizer_extension": 0.0,
    "optimizer_deliminator": 0.000001265,
    "children": [
        {
            "result_set_size": 200,
            "operator_timing": 0.000129805,
            "operator_rows_scanned": 0,
            "cumulative_rows_scanned": 240866764,
            "operator_cardinality": 4,
            "operator_type": "TOP_N",
            "cumulative_cardinality": 1857945,
            "extra_info": {
                "Top": "10000",
                "Order By": [
                    "date.d_year ASC",
                    "sum(lineorder.lo_revenue) DESC"
                ]
            },
            "cpu_time": 1.7667609049999982,
            "children": [
                {
                    "result_set_size": 200,
                    "operator_timing": 0.000029659000000000002,
                    "operator_rows_scanned": 0,
                    "cumulative_rows_scanned": 240866764,
                    "operator_cardinality": 4,
                    "operator_type": "PROJECTION",
                    "cumulative_cardinality": 1857941,
                    "extra_info": {
                        "Projections": [
                            "__internal_decompress_string(#0)",
                            "__internal_decompress_string(#1)",
                            "__internal_decompress_integral_smallint(#2, 1992)",
                            "#3"
                        ],
                        "Estimated Cardinality": "88587"
                    },
                    "cpu_time": 1.7666310999999981,
                    "children": [
                        {
                            "result_set_size": 196,
                            "operator_timing": 0.004339366,
                            "operator_rows_scanned": 0,
                            "cumulative_rows_scanned": 240866764,
                            "operator_cardinality": 4,
                            "operator_type": "HASH_GROUP_BY",
                            "cumulative_cardinality": 1857937,
                            "extra_info": {
                                "Groups": [
                                    "#0",
                                    "#1",
                                    "#2"
                                ],
                                "Aggregates": "sum(#3)",
                                "Estimated Cardinality": "88587"
                            },
                            "cpu_time": 1.7666014409999982,
                            "children": [
                                {
                                    "result_set_size": 1961,
                                    "operator_timing": 0.000007464,
                                    "operator_rows_scanned": 0,
                                    "cumulative_rows_scanned": 240866764,
                                    "operator_cardinality": 53,
                                    "operator_type": "PROJECTION",
                                    "cumulative_cardinality": 1857933,
                                    "extra_info": {
                                        "Projections": [
                                            "C_CITY",
                                            "S_CITY",
                                            "D_YEAR",
                                            "LO_REVENUE"
                                        ],
                                        "Estimated Cardinality": "177174"
                                    },
                                    "cpu_time": 1.7622620749999982,
                                    "children": [
                                        {
                                            "result_set_size": 3021,
                                            "operator_timing": 0.000101319,
                                            "operator_rows_scanned": 0,
                                            "cumulative_rows_scanned": 240866764,
                                            "operator_cardinality": 53,
                                            "operator_type": "PROJECTION",
                                            "cumulative_cardinality": 1857880,
                                            "extra_info": {
                                                "Projections": [
                                                    "__internal_compress_integral_uinteger(#0, 1)",
                                                    "__internal_compress_integral_usmallint(#1, 1)",
                                                    "#2",
                                                    "#3",
                                                    "#4",
                                                    "__internal_compress_integral_utinyint(#5, 1992)",
                                                    "__internal_compress_integral_usmallint(#6, 1)",
                                                    "__internal_compress_string_hugeint(#7)",
                                                    "__internal_compress_integral_uinteger(#8, 1)",
                                                    "__internal_compress_string_hugeint(#9)"
                                                ],
                                                "Estimated Cardinality": "177174"
                                            },
                                            "cpu_time": 1.7622546109999981,
                                            "children": [
                                                {
                                                    "result_set_size": 4134,
                                                    "operator_timing": 0.0012052629999999998,
                                                    "operator_rows_scanned": 0,
                                                    "cumulative_rows_scanned": 240866764,
                                                    "operator_cardinality": 53,
                                                    "operator_type": "HASH_JOIN",
                                                    "cumulative_cardinality": 1857827,
                                                    "extra_info": {
                                                        "Join Type": "INNER",
                                                        "Conditions": "LO_CUSTKEY = C_CUSTKEY",
                                                        "Build Min": "1",
                                                        "Build Max": "299999",
                                                        "Estimated Cardinality": "177174"
                                                    },
                                                    "cpu_time": 1.762153291999998,
                                                    "children": [
                                                        {
                                                            "result_set_size": 315576,
                                                            "operator_timing": 0.009121213000000003,
                                                            "operator_rows_scanned": 0,
                                                            "cumulative_rows_scanned": 239966764,
                                                            "operator_cardinality": 5844,
                                                            "operator_type": "HASH_JOIN",
                                                            "cumulative_cardinality": 1555412,
                                                            "extra_info": {
                                                                "Join Type": "INNER",
                                                                "Conditions": "LO_SUPPKEY = S_SUPPKEY",
                                                                "Build Min": "1",
                                                                "Build Max": "20000",
                                                                "Estimated Cardinality": "883896"
                                                            },
                                                            "cpu_time": 1.7523158999999981,
                                                            "children": [
                                                                {
                                                                    "result_set_size": 22940790,
                                                                    "operator_timing": 0.3119944759999994,
                                                                    "operator_rows_scanned": 0,
                                                                    "cumulative_rows_scanned": 239946764,
                                                                    "operator_cardinality": 764693,
                                                                    "operator_type": "HASH_JOIN",
                                                                    "cumulative_cardinality": 1529417,
                                                                    "extra_info": {
                                                                        "Join Type": "INNER",
                                                                        "Conditions": "LO_ORDERDATE = D_DATEKEY",
                                                                        "Build Min": "1992-01-01",
                                                                        "Build Max": "1998-12-30",
                                                                        "Estimated Cardinality": "4419480"
                                                                    },
                                                                    "cpu_time": 1.7425354879999981,
                                                                    "children": [
                                                                        {
                                                                            "result_set_size": 18352632,
                                                                            "operator_timing": 1.4304384629999989,
                                                                            "operator_rows_scanned": 239944208,
                                                                            "cumulative_rows_scanned": 239944208,
                                                                            "operator_cardinality": 764693,
                                                                            "operator_type": "TABLE_SCAN",
                                                                            "cumulative_cardinality": 764693,
                                                                            "extra_info": {
                                                                                "Text": "lineorder",
                                                                                "Projections": [
                                                                                    "LO_CUSTKEY",
                                                                                    "LO_SUPPKEY",
                                                                                    "LO_ORDERDATE",
                                                                                    "LO_REVENUE"
                                                                                ],
                                                                                "Estimated Cardinality": "59986052"
                                                                            },
                                                                            "cpu_time": 1.4304384629999989,
                                                                            "children": []
                                                                        },
                                                                        {
                                                                            "result_set_size": 186,
                                                                            "operator_timing": 0.000102549,
                                                                            "operator_rows_scanned": 2556,
                                                                            "cumulative_rows_scanned": 2556,
                                                                            "operator_cardinality": 31,
                                                                            "operator_type": "TABLE_SCAN",
                                                                            "cumulative_cardinality": 31,
                                                                            "extra_info": {
                                                                                "Text": "date",
                                                                                "Projections": [
                                                                                    "D_DATEKEY",
                                                                                    "D_YEAR"
                                                                                ],
                                                                                "Filters": "D_YEARMONTH='Dec1997' AND D_YEARMONTH IS NOT NULL",
                                                                                "Estimated Cardinality": "171"
                                                                            },
                                                                            "cpu_time": 0.000102549,
                                                                            "children": []
                                                                        }
                                                                    ]
                                                                },
                                                                {
                                                                    "result_set_size": 3624,
                                                                    "operator_timing": 0.000423433,
                                                                    "operator_rows_scanned": 0,
                                                                    "cumulative_rows_scanned": 20000,
                                                                    "operator_cardinality": 151,
                                                                    "operator_type": "FILTER",
                                                                    "cumulative_cardinality": 20151,
                                                                    "extra_info": {
                                                                        "Expression": "((S_CITY = 'UNITED KI1') OR (S_CITY = 'UNITED KI5'))",
                                                                        "Estimated Cardinality": "4000"
                                                                    },
                                                                    "cpu_time": 0.0006591990000000001,
                                                                    "children": [
                                                                        {
                                                                            "result_set_size": 480000,
                                                                            "operator_timing": 0.00023576600000000002,
                                                                            "operator_rows_scanned": 20000,
                                                                            "cumulative_rows_scanned": 20000,
                                                                            "operator_cardinality": 20000,
                                                                            "operator_type": "TABLE_SCAN",
                                                                            "cumulative_cardinality": 20000,
                                                                            "extra_info": {
                                                                                "Text": "supplier",
                                                                                "Projections": [
                                                                                    "S_SUPPKEY",
                                                                                    "S_CITY"
                                                                                ],
                                                                                "Estimated Cardinality": "20000"
                                                                            },
                                                                            "cpu_time": 0.00023576600000000002,
                                                                            "children": []
                                                                        }
                                                                    ]
                                                                }
                                                            ]
                                                        },
                                                        {
                                                            "result_set_size": 56712,
                                                            "operator_timing": 0.006112128,
                                                            "operator_rows_scanned": 0,
                                                            "cumulative_rows_scanned": 900000,
                                                            "operator_cardinality": 2363,
                                                            "operator_type": "FILTER",
                                                            "cumulative_cardinality": 302362,
                                                            "extra_info": {
                                                                "Expression": "((C_CITY = 'UNITED KI1') OR (C_CITY = 'UNITED KI5'))",
                                                                "Estimated Cardinality": "300000"
                                                            },
                                                            "cpu_time": 0.008632128999999999,
                                                            "children": [
                                                                {
                                                                    "result_set_size": 7199976,
                                                                    "operator_timing": 0.002520001,
                                                                    "operator_rows_scanned": 900000,
                                                                    "cumulative_rows_scanned": 900000,
                                                                    "operator_cardinality": 299999,
                                                                    "operator_type": "TABLE_SCAN",
                                                                    "cumulative_cardinality": 299999,
                                                                    "extra_info": {
                                                                        "Text": "customer",
                                                                        "Projections": [
                                                                            "C_CUSTKEY",
                                                                            "C_CITY"
                                                                        ],
                                                                        "Filters": "C_CUSTKEY<=299999 AND C_CUSTKEY IS NOT NULL",
                                                                        "Estimated Cardinality": "300000"
                                                                    },
                                                                    "cpu_time": 0.002520001,
                                                                    "children": []
                                                                }
                                                            ]
                                                        }
                                                    ]
                                                }
                                            ]
                                        }
                                    ]
                                }
                            ]
                        }
                    ]
                }
            ]
        }
    ]
}