{
    "all_optimizers": 0.0006504700000000002,
    "cumulative_optimizer_timing": 0.0006488410000000002,
    "planner": 0.00038685200000000003,
    "planner_binding": 0.000384156,
    "physical_planner": 0.000054802,
    "physical_planner_column_binding": 0.00000727,
    "physical_planner_resolve_types": 0.000001913,
    "physical_planner_create_plan": 0.000039806,
    "optimizer_expression_rewriter": 0.000157069,
    "optimizer_filter_pullup": 0.000003094,
    "optimizer_filter_pushdown": 0.000164702,
    "optimizer_cte_filter_pusher": 0.000001798,
    "optimizer_regex_range": 0.0000012,
    "optimizer_in_clause": 0.000003071,
    "optimizer_join_order": 0.000145963,
    "rows_returned": 1,
    "optimizer_reorder_filter": 0.000013786,
    "latency": 0.039297368,
    "optimizer_duplicate_groups": 0.000005464,
    "result_set_size": 16,
    "optimizer_join_filter_pushdown": 0.000020482,
    "optimizer_compressed_materialization": 0.0,
    "optimizer_top_n": 9.86e-7,
    "cumulative_rows_scanned": 48012276,
    "optimizer_limit_pushdown": 9.19e-7,
    "optimizer_build_side_probe_side": 0.000012095,
    "optimizer_column_lifetime": 0.000016753,
    "cumulative_cardinality": 356161,
    "optimizer_common_aggregate": 0.000007174,
    "extra_info": {},
    "optimizer_common_subexpressions": 0.000009573,
    "cpu_time": 0.24595257999999998,
    "optimizer_statistics_propagation": 0.000069028,
    "blocked_thread_time": 0.0,
    "optimizer_unused_columns": 0.000014131,
    "query_name": "",
    "optimizer_unnest_rewriter": 7.59e-7,
    "optimizer_materialized_cte": 0.0,
    "optimizer_extension": 0.0,
    "optimizer_deliminator": 7.94e-7,
    "children": [
        {
            "result_set_size": 16,
            "operator_timing": 0.000002267,
            "operator_rows_scanned": 0,
            "cumulative_rows_scanned": 48012276,
            "operator_cardinality": 1,
            "operator_type": "STREAMING_LIMIT",
            "cumulative_cardinality": 356161,
            "extra_info": {},
            "cpu_time": 0.24595257999999998,
            "children": [
                {
                    "result_set_size": 16,
                    "operator_timing": 0.0005955950000000001,
                    "operator_rows_scanned": 0,
                    "cumulative_rows_scanned": 48012276,
                    "operator_cardinality": 1,
                    "operator_type": "UNGROUPED_AGGREGATE",
                    "cumulative_cardinality": 356160,
                    "extra_info": {
                        "Aggregates": "sum(#0)"
                    },
                    "cpu_time": 0.24595031299999998,
                    "children": [
                        {
                            "result_set_size": 474392,
                            "operator_timing": 0.00058232,
                            "operator_rows_scanned": 0,
                            "cumulative_rows_scanned": 48012276,
                            "operator_cardinality": 118598,
                            "operator_type": "PROJECTION",
                            "cumulative_cardinality": 356159,
                            "extra_info": {
                                "Projections": "(LO_EXTENDEDPRICE * CAST(LO_DISCOUNT AS INTEGER))",
                                "Estimated Cardinality": "330441"
                            },
                            "cpu_time": 0.24535471799999997,
                            "children": [
                                {
                                    "result_set_size": 1541774,
                                    "operator_timing": 0.032516275,
                                    "operator_rows_scanned": 0,
                                    "cumulative_rows_scanned": 48012276,
                                    "operator_cardinality": 118598,
                                    "operator_type": "HASH_JOIN",
                                    "cumulative_cardinality": 237561,
                                    "extra_info": {
                                        "Join Type": "INNER",
                                        "Conditions": "LO_ORDERDATE = D_DATEKEY",
                                        "Build Min": "1992-01-01",
                                        "Build Max": "1998-12-30",
                                        "Estimated Cardinality": "330441"
                                    },
                                    "cpu_time": 0.24477239799999997,
                                    "children": [
                                        {
                                            "result_set_size": 1067382,
                                            "operator_timing": 0.212209973,
                                            "operator_rows_scanned": 48009720,
                                            "cumulative_rows_scanned": 48009720,
                                            "operator_cardinality": 118598,
                                            "operator_type": "TABLE_SCAN",
                                            "cumulative_cardinality": 118598,
                                            "extra_info": {
                                                "Text": "lineorder",
                                                "Projections": [
                                                    "LO_ORDERDATE",
                                                    "LO_DISCOUNT",
                                                    "LO_EXTENDEDPRICE"
                                                ],
                                                "Filters": [
                                                    "LO_DISCOUNT>=1 AND LO_DISCOUNT<=3 AND LO_DISCOUNT IS NOT NULL",
                                                    "LO_QUANTITY<25 AND LO_QUANTITY IS NOT NULL"
                                                ],
                                                "Estimated Cardinality": "1200243"
                                            },
                                            "cpu_time": 0.212209973,
                                            "children": []
                                        },
                                        {
                                            "result_set_size": 1460,
                                            "operator_timing": 0.000046150000000000004,
                                            "operator_rows_scanned": 2556,
                                            "cumulative_rows_scanned": 2556,
                                            "operator_cardinality": 365,
                                            "operator_type": "TABLE_SCAN",
                                            "cumulative_cardinality": 365,
                                            "extra_info": {
                                                "Text": "date",
                                                "Projections": "D_DATEKEY",
                                                "Filters": "D_YEAR=1993 AND D_YEAR IS NOT NULL",
                                                "Estimated Cardinality": "639"
                                            },
                                            "cpu_time": 0.000046150000000000004,
                                            "children": []
                                        }
                                    ]
                                }
                            ]
                        }
                    ]
                }
            ]
        }
    ]
}