{
    "all_optimizers": 0.0007535640000000001,
    "cumulative_optimizer_timing": 0.0007517340000000002,
    "planner": 0.00042404,
    "planner_binding": 0.000420921,
    "physical_planner": 0.000051986,
    "physical_planner_column_binding": 0.00000794,
    "physical_planner_resolve_types": 0.000002128,
    "physical_planner_create_plan": 0.000035811,
    "optimizer_expression_rewriter": 0.000192723,
    "optimizer_filter_pullup": 0.000002766,
    "optimizer_filter_pushdown": 0.00018817,
    "optimizer_cte_filter_pusher": 0.000001711,
    "optimizer_regex_range": 0.000001086,
    "optimizer_in_clause": 0.000003319,
    "optimizer_join_order": 0.000165075,
    "rows_returned": 1,
    "optimizer_reorder_filter": 0.000012671,
    "latency": 2.684661801,
    "optimizer_duplicate_groups": 0.000006187,
    "result_set_size": 16,
    "optimizer_join_filter_pushdown": 0.000023546,
    "optimizer_compressed_materialization": 0.0,
    "optimizer_top_n": 0.000001091,
    "cumulative_rows_scanned": 4800305772,
    "optimizer_limit_pushdown": 9.95e-7,
    "optimizer_build_side_probe_side": 0.000013235,
    "optimizer_column_lifetime": 0.000017631,
    "cumulative_cardinality": 35742283,
    "optimizer_common_aggregate": 0.000007594,
    "extra_info": {},
    "optimizer_common_subexpressions": 0.000010318,
    "cpu_time": 20.754031873999978,
    "optimizer_statistics_propagation": 0.000085547,
    "blocked_thread_time": 0.0,
    "optimizer_unused_columns": 0.000015505,
    "query_name": "",
    "optimizer_unnest_rewriter": 0.000001035,
    "optimizer_materialized_cte": 0.0,
    "optimizer_extension": 0.0,
    "optimizer_deliminator": 0.000001529,
    "children": [
        {
            "result_set_size": 16,
            "operator_timing": 0.000002233,
            "operator_rows_scanned": 0,
            "cumulative_rows_scanned": 4800305772,
            "operator_cardinality": 1,
            "operator_type": "STREAMING_LIMIT",
            "cumulative_cardinality": 35742283,
            "extra_info": {},
            "cpu_time": 20.754031873999978,
            "children": [
                {
                    "result_set_size": 16,
                    "operator_timing": 0.04435443200000003,
                    "operator_rows_scanned": 0,
                    "cumulative_rows_scanned": 4800305772,
                    "operator_cardinality": 1,
                    "operator_type": "UNGROUPED_AGGREGATE",
                    "cumulative_cardinality": 35742282,
                    "extra_info": {
                        "Aggregates": "sum(#0)"
                    },
                    "cpu_time": 20.754029640999978,
                    "children": [
                        {
                            "result_set_size": 47655888,
                            "operator_timing": 0.032376060999999984,
                            "operator_rows_scanned": 0,
                            "cumulative_rows_scanned": 4800305772,
                            "operator_cardinality": 11913972,
                            "operator_type": "PROJECTION",
                            "cumulative_cardinality": 35742281,
                            "extra_info": {
                                "Projections": "(LO_EXTENDEDPRICE * CAST(LO_DISCOUNT AS INTEGER))",
                                "Estimated Cardinality": "33039570"
                            },
                            "cpu_time": 20.70967520899998,
                            "children": [
                                {
                                    "result_set_size": 154881636,
                                    "operator_timing": 2.4224764819999995,
                                    "operator_rows_scanned": 0,
                                    "cumulative_rows_scanned": 4800305772,
                                    "operator_cardinality": 11913972,
                                    "operator_type": "HASH_JOIN",
                                    "cumulative_cardinality": 23828309,
                                    "extra_info": {
                                        "Join Type": "INNER",
                                        "Conditions": "LO_ORDERDATE = D_DATEKEY",
                                        "Build Min": "1992-01-01",
                                        "Build Max": "1998-12-30",
                                        "Estimated Cardinality": "33039570"
                                    },
                                    "cpu_time": 20.677299147999978,
                                    "children": [
                                        {
                                            "result_set_size": 107225748,
                                            "operator_timing": 18.254759633999978,
                                            "operator_rows_scanned": 4800303216,
                                            "cumulative_rows_scanned": 4800303216,
                                            "operator_cardinality": 11913972,
                                            "operator_type": "TABLE_SCAN",
                                            "cumulative_cardinality": 11913972,
                                            "extra_info": {
                                                "Text": "lineorder",
                                                "Projections": [
                                                    "LO_ORDERDATE",
                                                    "LO_DISCOUNT",
                                                    "LO_EXTENDEDPRICE"
                                                ],
                                                "Filters": [
                                                    "LO_DISCOUNT>=1 AND LO_DISCOUNT<=3 AND LO_DISCOUNT IS NOT NULL",
                                                    "LO_QUANTITY<25 AND LO_QUANTITY IS NOT NULL"
                                                ],
                                                "Estimated Cardinality": "120007580"
                                            },
                                            "cpu_time": 18.254759633999978,
                                            "children": []
                                        },
                                        {
                                            "result_set_size": 1460,
                                            "operator_timing": 0.000063032,
                                            "operator_rows_scanned": 2556,
                                            "cumulative_rows_scanned": 2556,
                                            "operator_cardinality": 365,
                                            "operator_type": "TABLE_SCAN",
                                            "cumulative_cardinality": 365,
                                            "extra_info": {
                                                "Text": "date",
                                                "Projections": "D_DATEKEY",
                                                "Filters": "D_YEAR=1993 AND D_YEAR IS NOT NULL",
                                                "Estimated Cardinality": "639"
                                            },
                                            "cpu_time": 0.000063032,
                                            "children": []
                                        }
                                    ]
                                }
                            ]
                        }
                    ]
                }
            ]
        }
    ]
}