{
    "all_optimizers": 0.0007120880000000002,
    "cumulative_optimizer_timing": 0.0007102820000000001,
    "planner": 0.000406034,
    "planner_binding": 0.000403324,
    "physical_planner": 0.000050656,
    "physical_planner_column_binding": 0.00000772,
    "physical_planner_resolve_types": 0.000002073,
    "physical_planner_create_plan": 0.000034962,
    "optimizer_expression_rewriter": 0.000165266,
    "optimizer_filter_pullup": 0.000002889,
    "optimizer_filter_pushdown": 0.000184064,
    "optimizer_cte_filter_pusher": 0.000001913,
    "optimizer_regex_range": 0.000001207,
    "optimizer_in_clause": 0.000003418,
    "optimizer_join_order": 0.000162147,
    "rows_returned": 1,
    "optimizer_reorder_filter": 0.000012877,
    "latency": 10.70051583,
    "optimizer_duplicate_groups": 0.000006053,
    "result_set_size": 16,
    "optimizer_join_filter_pushdown": 0.000022421,
    "optimizer_compressed_materialization": 0.0,
    "optimizer_top_n": 0.000001158,
    "cumulative_rows_scanned": 1200078360,
    "optimizer_limit_pushdown": 9.68e-7,
    "optimizer_build_side_probe_side": 0.000013623,
    "optimizer_column_lifetime": 0.000017205999999999998,
    "cumulative_cardinality": 35742283,
    "optimizer_common_aggregate": 0.000007542,
    "extra_info": {},
    "optimizer_common_subexpressions": 0.000010681,
    "cpu_time": 20.672333841000206,
    "optimizer_statistics_propagation": 0.000079617,
    "blocked_thread_time": 0.0,
    "optimizer_unused_columns": 0.000014799,
    "query_name": "",
    "optimizer_unnest_rewriter": 0.000001018,
    "optimizer_materialized_cte": 0.0,
    "optimizer_extension": 0.0,
    "optimizer_deliminator": 0.000001415,
    "children": [
        {
            "result_set_size": 16,
            "operator_timing": 0.000002218,
            "operator_rows_scanned": 0,
            "cumulative_rows_scanned": 1200078360,
            "operator_cardinality": 1,
            "operator_type": "STREAMING_LIMIT",
            "cumulative_cardinality": 35742283,
            "extra_info": {},
            "cpu_time": 20.672333841000206,
            "children": [
                {
                    "result_set_size": 16,
                    "operator_timing": 0.044700886999999974,
                    "operator_rows_scanned": 0,
                    "cumulative_rows_scanned": 1200078360,
                    "operator_cardinality": 1,
                    "operator_type": "UNGROUPED_AGGREGATE",
                    "cumulative_cardinality": 35742282,
                    "extra_info": {
                        "Aggregates": "sum(#0)"
                    },
                    "cpu_time": 20.672331623000208,
                    "children": [
                        {
                            "result_set_size": 47655888,
                            "operator_timing": 0.03214202399999999,
                            "operator_rows_scanned": 0,
                            "cumulative_rows_scanned": 1200078360,
                            "operator_cardinality": 11913972,
                            "operator_type": "PROJECTION",
                            "cumulative_cardinality": 35742281,
                            "extra_info": {
                                "Projections": "(LO_EXTENDEDPRICE * CAST(LO_DISCOUNT AS INTEGER))",
                                "Estimated Cardinality": "33039570"
                            },
                            "cpu_time": 20.627630736000206,
                            "children": [
                                {
                                    "result_set_size": 154881636,
                                    "operator_timing": 2.481239149999988,
                                    "operator_rows_scanned": 0,
                                    "cumulative_rows_scanned": 1200078360,
                                    "operator_cardinality": 11913972,
                                    "operator_type": "HASH_JOIN",
                                    "cumulative_cardinality": 23828309,
                                    "extra_info": {
                                        "Join Type": "INNER",
                                        "Conditions": "LO_ORDERDATE = D_DATEKEY",
                                        "Build Min": "1992-01-01",
                                        "Build Max": "1998-12-30",
                                        "Estimated Cardinality": "33039570"
                                    },
                                    "cpu_time": 20.595488712000208,
                                    "children": [
                                        {
                                            "result_set_size": 107225748,
                                            "operator_timing": 18.114180308000222,
                                            "operator_rows_scanned": 1200075804,
                                            "cumulative_rows_scanned": 1200075804,
                                            "operator_cardinality": 11913972,
                                            "operator_type": "TABLE_SCAN",
                                            "cumulative_cardinality": 11913972,
                                            "extra_info": {
                                                "Text": "lineorder",
                                                "Projections": [
                                                    "LO_ORDERDATE",
                                                    "LO_DISCOUNT",
                                                    "LO_EXTENDEDPRICE"
                                                ],
                                                "Filters": [
                                                    "LO_DISCOUNT>=1 AND LO_DISCOUNT<=3 AND LO_DISCOUNT IS NOT NULL",
                                                    "LO_QUANTITY<25 AND LO_QUANTITY IS NOT NULL"
                                                ],
                                                "Estimated Cardinality": "120007580"
                                            },
                                            "cpu_time": 18.114180308000222,
                                            "children": []
                                        },
                                        {
                                            "result_set_size": 1460,
                                            "operator_timing": 0.000069254,
                                            "operator_rows_scanned": 2556,
                                            "cumulative_rows_scanned": 2556,
                                            "operator_cardinality": 365,
                                            "operator_type": "TABLE_SCAN",
                                            "cumulative_cardinality": 365,
                                            "extra_info": {
                                                "Text": "date",
                                                "Projections": "D_DATEKEY",
                                                "Filters": "D_YEAR=1993 AND D_YEAR IS NOT NULL",
                                                "Estimated Cardinality": "639"
                                            },
                                            "cpu_time": 0.000069254,
                                            "children": []
                                        }
                                    ]
                                }
                            ]
                        }
                    ]
                }
            ]
        }
    ]
}