{
    "all_optimizers": 0.001902771,
    "cumulative_optimizer_timing": 0.0018989349999999998,
    "planner": 0.000506912,
    "planner_binding": 0.000503804,
    "physical_planner": 0.000139798,
    "physical_planner_column_binding": 0.000036987,
    "physical_planner_resolve_types": 0.000007491,
    "physical_planner_create_plan": 0.000083722,
    "optimizer_expression_rewriter": 0.000314509,
    "optimizer_filter_pullup": 0.000003667,
    "optimizer_filter_pushdown": 0.000242195,
    "optimizer_cte_filter_pusher": 0.000001645,
    "optimizer_regex_range": 0.000002292,
    "optimizer_in_clause": 0.00000847,
    "optimizer_join_order": 0.000576198,
    "rows_returned": 4,
    "optimizer_reorder_filter": 0.000025358,
    "latency": 0.850725551,
    "optimizer_duplicate_groups": 0.000019506,
    "result_set_size": 200,
    "optimizer_join_filter_pushdown": 0.000054588,
    "optimizer_compressed_materialization": 0.0,
    "optimizer_top_n": 0.000003297,
    "cumulative_rows_scanned": 120594660,
    "optimizer_limit_pushdown": 0.000001357,
    "optimizer_build_side_probe_side": 0.000033731,
    "optimizer_column_lifetime": 0.00007828699999999999,
    "cumulative_cardinality": 1857945,
    "optimizer_common_aggregate": 0.000018287,
    "extra_info": {},
    "optimizer_common_subexpressions": 0.000009656,
    "cpu_time": 1.5655232989999985,
    "optimizer_statistics_propagation": 0.000473383,
    "blocked_thread_time": 0.0,
    "optimizer_unused_columns": 0.000029632,
    "query_name": "",
    "optimizer_unnest_rewriter": 0.00000133,
    "optimizer_materialized_cte": 0.0,
    "optimizer_extension": 0.0,
    "optimizer_deliminator": 0.000001547,
    "children": [
        {
            "result_set_size": 200,
            "operator_timing": 0.00009469099999999999,
            "operator_rows_scanned": 0,
            "cumulative_rows_scanned": 120594660,
            "operator_cardinality": 4,
            "operator_type": "TOP_N",
            "cumulative_cardinality": 1857945,
            "extra_info": {
                "Top": "10000",
                "Order By": [
                    "date.d_year ASC",
                    "sum(lineorder.lo_revenue) DESC"
                ]
            },
            "cpu_time": 1.5655232989999985,
            "children": [
                {
                    "result_set_size": 200,
                    "operator_timing": 0.000012376,
                    "operator_rows_scanned": 0,
                    "cumulative_rows_scanned": 120594660,
                    "operator_cardinality": 4,
                    "operator_type": "PROJECTION",
                    "cumulative_cardinality": 1857941,
                    "extra_info": {
                        "Projections": [
                            "__internal_decompress_string(#0)",
                            "__internal_decompress_string(#1)",
                            "__internal_decompress_integral_smallint(#2, 1992)",
                            "#3"
                        ],
                        "Estimated Cardinality": "88587"
                    },
                    "cpu_time": 1.5654286079999986,
                    "children": [
                        {
                            "result_set_size": 196,
                            "operator_timing": 0.001036496,
                            "operator_rows_scanned": 0,
                            "cumulative_rows_scanned": 120594660,
                            "operator_cardinality": 4,
                            "operator_type": "HASH_GROUP_BY",
                            "cumulative_cardinality": 1857937,
                            "extra_info": {
                                "Groups": [
                                    "#0",
                                    "#1",
                                    "#2"
                                ],
                                "Aggregates": "sum(#3)",
                                "Estimated Cardinality": "88587"
                            },
                            "cpu_time": 1.5654162319999987,
                            "children": [
                                {
                                    "result_set_size": 1961,
                                    "operator_timing": 0.000004091,
                                    "operator_rows_scanned": 0,
                                    "cumulative_rows_scanned": 120594660,
                                    "operator_cardinality": 53,
                                    "operator_type": "PROJECTION",
                                    "cumulative_cardinality": 1857933,
                                    "extra_info": {
                                        "Projections": [
                                            "C_CITY",
                                            "S_CITY",
                                            "D_YEAR",
                                            "LO_REVENUE"
                                        ],
                                        "Estimated Cardinality": "177174"
                                    },
                                    "cpu_time": 1.5643797359999987,
                                    "children": [
                                        {
                                            "result_set_size": 3021,
                                            "operator_timing": 0.000063411,
                                            "operator_rows_scanned": 0,
                                            "cumulative_rows_scanned": 120594660,
                                            "operator_cardinality": 53,
                                            "operator_type": "PROJECTION",
                                            "cumulative_cardinality": 1857880,
                                            "extra_info": {
                                                "Projections": [
                                                    "__internal_compress_integral_uinteger(#0, 1)",
                                                    "__internal_compress_integral_usmallint(#1, 1)",
                                                    "#2",
                                                    "#3",
                                                    "#4",
                                                    "__internal_compress_integral_utinyint(#5, 1992)",
                                                    "__internal_compress_integral_usmallint(#6, 1)",
                                                    "__internal_compress_string_hugeint(#7)",
                                                    "__internal_compress_integral_uinteger(#8, 1)",
                                                    "__internal_compress_string_hugeint(#9)"
                                                ],
                                                "Estimated Cardinality": "177174"
                                            },
                                            "cpu_time": 1.5643756449999986,
                                            "children": [
                                                {
                                                    "result_set_size": 4134,
                                                    "operator_timing": 0.000926818,
                                                    "operator_rows_scanned": 0,
                                                    "cumulative_rows_scanned": 120594660,
                                                    "operator_cardinality": 53,
                                                    "operator_type": "HASH_JOIN",
                                                    "cumulative_cardinality": 1857827,
                                                    "extra_info": {
                                                        "Join Type": "INNER",
                                                        "Conditions": "LO_CUSTKEY = C_CUSTKEY",
                                                        "Build Min": "1",
                                                        "Build Max": "299999",
                                                        "Estimated Cardinality": "177174"
                                                    },
                                                    "cpu_time": 1.5643122339999986,
                                                    "children": [
                                                        {
                                                            "result_set_size": 315576,
                                                            "operator_timing": 0.008718288999999999,
                                                            "operator_rows_scanned": 0,
                                                            "cumulative_rows_scanned": 119994660,
                                                            "operator_cardinality": 5844,
                                                            "operator_type": "HASH_JOIN",
                                                            "cumulative_cardinality": 1555412,
                                                            "extra_info": {
                                                                "Join Type": "INNER",
                                                                "Conditions": "LO_SUPPKEY = S_SUPPKEY",
                                                                "Build Min": "1",
                                                                "Build Max": "20000",
                                                                "Estimated Cardinality": "883896"
                                                            },
                                                            "cpu_time": 1.5552182079999988,
                                                            "children": [
                                                                {
                                                                    "result_set_size": 22940790,
                                                                    "operator_timing": 0.30627728400000137,
                                                                    "operator_rows_scanned": 0,
                                                                    "cumulative_rows_scanned": 119974660,
                                                                    "operator_cardinality": 764693,
                                                                    "operator_type": "HASH_JOIN",
                                                                    "cumulative_cardinality": 1529417,
                                                                    "extra_info": {
                                                                        "Join Type": "INNER",
                                                                        "Conditions": "LO_ORDERDATE = D_DATEKEY",
                                                                        "Build Min": "1992-01-01",
                                                                        "Build Max": "1998-12-30",
                                                                        "Estimated Cardinality": "4419480"
                                                                    },
                                                                    "cpu_time": 1.5458468059999988,
                                                                    "children": [
                                                                        {
                                                                            "result_set_size": 18352632,
                                                                            "operator_timing": 1.2394816379999973,
                                                                            "operator_rows_scanned": 119972104,
                                                                            "cumulative_rows_scanned": 119972104,
                                                                            "operator_cardinality": 764693,
                                                                            "operator_type": "TABLE_SCAN",
                                                                            "cumulative_cardinality": 764693,
                                                                            "extra_info": {
                                                                                "Text": "lineorder",
                                                                                "Projections": [
                                                                                    "LO_CUSTKEY",
                                                                                    "LO_SUPPKEY",
                                                                                    "LO_ORDERDATE",
                                                                                    "LO_REVENUE"
                                                                                ],
                                                                                "Estimated Cardinality": "59986052"
                                                                            },
                                                                            "cpu_time": 1.2394816379999973,
                                                                            "children": []
                                                                        },
                                                                        {
                                                                            "result_set_size": 186,
                                                                            "operator_timing": 0.000087884,
                                                                            "operator_rows_scanned": 2556,
                                                                            "cumulative_rows_scanned": 2556,
                                                                            "operator_cardinality": 31,
                                                                            "operator_type": "TABLE_SCAN",
                                                                            "cumulative_cardinality": 31,
                                                                            "extra_info": {
                                                                                "Text": "date",
                                                                                "Projections": [
                                                                                    "D_DATEKEY",
                                                                                    "D_YEAR"
                                                                                ],
                                                                                "Filters": "D_YEARMONTH='Dec1997' AND D_YEARMONTH IS NOT NULL",
                                                                                "Estimated Cardinality": "171"
                                                                            },
                                                                            "cpu_time": 0.000087884,
                                                                            "children": []
                                                                        }
                                                                    ]
                                                                },
                                                                {
                                                                    "result_set_size": 3624,
                                                                    "operator_timing": 0.00040542099999999994,
                                                                    "operator_rows_scanned": 0,
                                                                    "cumulative_rows_scanned": 20000,
                                                                    "operator_cardinality": 151,
                                                                    "operator_type": "FILTER",
                                                                    "cumulative_cardinality": 20151,
                                                                    "extra_info": {
                                                                        "Expression": "((S_CITY = 'UNITED KI1') OR (S_CITY = 'UNITED KI5'))",
                                                                        "Estimated Cardinality": "4000"
                                                                    },
                                                                    "cpu_time": 0.0006531129999999999,
                                                                    "children": [
                                                                        {
                                                                            "result_set_size": 480000,
                                                                            "operator_timing": 0.000247692,
                                                                            "operator_rows_scanned": 20000,
                                                                            "cumulative_rows_scanned": 20000,
                                                                            "operator_cardinality": 20000,
                                                                            "operator_type": "TABLE_SCAN",
                                                                            "cumulative_cardinality": 20000,
                                                                            "extra_info": {
                                                                                "Text": "supplier",
                                                                                "Projections": [
                                                                                    "S_SUPPKEY",
                                                                                    "S_CITY"
                                                                                ],
                                                                                "Estimated Cardinality": "20000"
                                                                            },
                                                                            "cpu_time": 0.000247692,
                                                                            "children": []
                                                                        }
                                                                    ]
                                                                }
                                                            ]
                                                        },
                                                        {
                                                            "result_set_size": 56712,
                                                            "operator_timing": 0.0059886689999999985,
                                                            "operator_rows_scanned": 0,
                                                            "cumulative_rows_scanned": 600000,
                                                            "operator_cardinality": 2363,
                                                            "operator_type": "FILTER",
                                                            "cumulative_cardinality": 302362,
                                                            "extra_info": {
                                                                "Expression": "((C_CITY = 'UNITED KI1') OR (C_CITY = 'UNITED KI5'))",
                                                                "Estimated Cardinality": "300000"
                                                            },
                                                            "cpu_time": 0.008167207999999999,
                                                            "children": [
                                                                {
                                                                    "result_set_size": 7199976,
                                                                    "operator_timing": 0.0021785389999999993,
                                                                    "operator_rows_scanned": 600000,
                                                                    "cumulative_rows_scanned": 600000,
                                                                    "operator_cardinality": 299999,
                                                                    "operator_type": "TABLE_SCAN",
                                                                    "cumulative_cardinality": 299999,
                                                                    "extra_info": {
                                                                        "Text": "customer",
                                                                        "Projections": [
                                                                            "C_CUSTKEY",
                                                                            "C_CITY"
                                                                        ],
                                                                        "Filters": "C_CUSTKEY<=299999 AND C_CUSTKEY IS NOT NULL",
                                                                        "Estimated Cardinality": "300000"
                                                                    },
                                                                    "cpu_time": 0.0021785389999999993,
                                                                    "children": []
                                                                }
                                                            ]
                                                        }
                                                    ]
                                                }
                                            ]
                                        }
                                    ]
                                }
                            ]
                        }
                    ]
                }
            ]
        }
    ]
}