{
    "all_optimizers": 0.0019894170000000003,
    "cumulative_optimizer_timing": 0.001985502,
    "planner": 0.0005146090000000001,
    "planner_binding": 0.000511364,
    "physical_planner": 0.000142477,
    "physical_planner_column_binding": 0.000037352,
    "physical_planner_resolve_types": 0.000007643,
    "physical_planner_create_plan": 0.000085408,
    "optimizer_expression_rewriter": 0.000306985,
    "optimizer_filter_pullup": 0.00000469,
    "optimizer_filter_pushdown": 0.000262106,
    "optimizer_cte_filter_pusher": 0.000001954,
    "optimizer_regex_range": 0.000002492,
    "optimizer_in_clause": 0.000008936,
    "optimizer_join_order": 0.000592767,
    "rows_returned": 4,
    "optimizer_reorder_filter": 0.000027089,
    "latency": 0.233819517,
    "optimizer_duplicate_groups": 0.000020096,
    "result_set_size": 200,
    "optimizer_join_filter_pushdown": 0.000058004,
    "optimizer_compressed_materialization": 0.0,
    "optimizer_top_n": 0.000003606,
    "cumulative_rows_scanned": 480810972,
    "optimizer_limit_pushdown": 0.000001463,
    "optimizer_build_side_probe_side": 0.000035124,
    "optimizer_column_lifetime": 0.000087129,
    "cumulative_cardinality": 1857945,
    "optimizer_common_aggregate": 0.00001885,
    "extra_info": {},
    "optimizer_common_subexpressions": 0.000010104,
    "cpu_time": 1.6221904699999992,
    "optimizer_statistics_propagation": 0.000510441,
    "blocked_thread_time": 0.0,
    "optimizer_unused_columns": 0.000030612,
    "query_name": "",
    "optimizer_unnest_rewriter": 0.000001473,
    "optimizer_materialized_cte": 0.0,
    "optimizer_extension": 0.0,
    "optimizer_deliminator": 0.000001581,
    "children": [
        {
            "result_set_size": 200,
            "operator_timing": 0.00022030000000000002,
            "operator_rows_scanned": 0,
            "cumulative_rows_scanned": 480810972,
            "operator_cardinality": 4,
            "operator_type": "TOP_N",
            "cumulative_cardinality": 1857945,
            "extra_info": {
                "Top": "10000",
                "Order By": [
                    "date.d_year ASC",
                    "sum(lineorder.lo_revenue) DESC"
                ]
            },
            "cpu_time": 1.6221904699999992,
            "children": [
                {
                    "result_set_size": 200,
                    "operator_timing": 0.000042749,
                    "operator_rows_scanned": 0,
                    "cumulative_rows_scanned": 480810972,
                    "operator_cardinality": 4,
                    "operator_type": "PROJECTION",
                    "cumulative_cardinality": 1857941,
                    "extra_info": {
                        "Projections": [
                            "__internal_decompress_string(#0)",
                            "__internal_decompress_string(#1)",
                            "__internal_decompress_integral_smallint(#2, 1992)",
                            "#3"
                        ],
                        "Estimated Cardinality": "88587"
                    },
                    "cpu_time": 1.621970169999999,
                    "children": [
                        {
                            "result_set_size": 196,
                            "operator_timing": 0.010523241000000001,
                            "operator_rows_scanned": 0,
                            "cumulative_rows_scanned": 480810972,
                            "operator_cardinality": 4,
                            "operator_type": "HASH_GROUP_BY",
                            "cumulative_cardinality": 1857937,
                            "extra_info": {
                                "Groups": [
                                    "#0",
                                    "#1",
                                    "#2"
                                ],
                                "Aggregates": "sum(#3)",
                                "Estimated Cardinality": "88587"
                            },
                            "cpu_time": 1.6219274209999992,
                            "children": [
                                {
                                    "result_set_size": 1961,
                                    "operator_timing": 0.000015904,
                                    "operator_rows_scanned": 0,
                                    "cumulative_rows_scanned": 480810972,
                                    "operator_cardinality": 53,
                                    "operator_type": "PROJECTION",
                                    "cumulative_cardinality": 1857933,
                                    "extra_info": {
                                        "Projections": [
                                            "C_CITY",
                                            "S_CITY",
                                            "D_YEAR",
                                            "LO_REVENUE"
                                        ],
                                        "Estimated Cardinality": "177174"
                                    },
                                    "cpu_time": 1.6114041799999992,
                                    "children": [
                                        {
                                            "result_set_size": 3021,
                                            "operator_timing": 0.00026173600000000004,
                                            "operator_rows_scanned": 0,
                                            "cumulative_rows_scanned": 480810972,
                                            "operator_cardinality": 53,
                                            "operator_type": "PROJECTION",
                                            "cumulative_cardinality": 1857880,
                                            "extra_info": {
                                                "Projections": [
                                                    "__internal_compress_integral_uinteger(#0, 1)",
                                                    "__internal_compress_integral_usmallint(#1, 1)",
                                                    "#2",
                                                    "#3",
                                                    "#4",
                                                    "__internal_compress_integral_utinyint(#5, 1992)",
                                                    "__internal_compress_integral_usmallint(#6, 1)",
                                                    "__internal_compress_string_hugeint(#7)",
                                                    "__internal_compress_integral_uinteger(#8, 1)",
                                                    "__internal_compress_string_hugeint(#9)"
                                                ],
                                                "Estimated Cardinality": "177174"
                                            },
                                            "cpu_time": 1.6113882759999991,
                                            "children": [
                                                {
                                                    "result_set_size": 4134,
                                                    "operator_timing": 0.0016024760000000002,
                                                    "operator_rows_scanned": 0,
                                                    "cumulative_rows_scanned": 480810972,
                                                    "operator_cardinality": 53,
                                                    "operator_type": "HASH_JOIN",
                                                    "cumulative_cardinality": 1857827,
                                                    "extra_info": {
                                                        "Join Type": "INNER",
                                                        "Conditions": "LO_CUSTKEY = C_CUSTKEY",
                                                        "Build Min": "1",
                                                        "Build Max": "299999",
                                                        "Estimated Cardinality": "177174"
                                                    },
                                                    "cpu_time": 1.6111265399999992,
                                                    "children": [
                                                        {
                                                            "result_set_size": 315576,
                                                            "operator_timing": 0.009578127,
                                                            "operator_rows_scanned": 0,
                                                            "cumulative_rows_scanned": 479910972,
                                                            "operator_cardinality": 5844,
                                                            "operator_type": "HASH_JOIN",
                                                            "cumulative_cardinality": 1555412,
                                                            "extra_info": {
                                                                "Join Type": "INNER",
                                                                "Conditions": "LO_SUPPKEY = S_SUPPKEY",
                                                                "Build Min": "1",
                                                                "Build Max": "20000",
                                                                "Estimated Cardinality": "883896"
                                                            },
                                                            "cpu_time": 1.6011203199999993,
                                                            "children": [
                                                                {
                                                                    "result_set_size": 22940790,
                                                                    "operator_timing": 0.3146434449999999,
                                                                    "operator_rows_scanned": 0,
                                                                    "cumulative_rows_scanned": 479890972,
                                                                    "operator_cardinality": 764693,
                                                                    "operator_type": "HASH_JOIN",
                                                                    "cumulative_cardinality": 1529417,
                                                                    "extra_info": {
                                                                        "Join Type": "INNER",
                                                                        "Conditions": "LO_ORDERDATE = D_DATEKEY",
                                                                        "Build Min": "1992-01-01",
                                                                        "Build Max": "1998-12-30",
                                                                        "Estimated Cardinality": "4419480"
                                                                    },
                                                                    "cpu_time": 1.5908186699999993,
                                                                    "children": [
                                                                        {
                                                                            "result_set_size": 18352632,
                                                                            "operator_timing": 1.2760613199999993,
                                                                            "operator_rows_scanned": 479888416,
                                                                            "cumulative_rows_scanned": 479888416,
                                                                            "operator_cardinality": 764693,
                                                                            "operator_type": "TABLE_SCAN",
                                                                            "cumulative_cardinality": 764693,
                                                                            "extra_info": {
                                                                                "Text": "lineorder",
                                                                                "Projections": [
                                                                                    "LO_CUSTKEY",
                                                                                    "LO_SUPPKEY",
                                                                                    "LO_ORDERDATE",
                                                                                    "LO_REVENUE"
                                                                                ],
                                                                                "Estimated Cardinality": "59986052"
                                                                            },
                                                                            "cpu_time": 1.2760613199999993,
                                                                            "children": []
                                                                        },
                                                                        {
                                                                            "result_set_size": 186,
                                                                            "operator_timing": 0.000113905,
                                                                            "operator_rows_scanned": 2556,
                                                                            "cumulative_rows_scanned": 2556,
                                                                            "operator_cardinality": 31,
                                                                            "operator_type": "TABLE_SCAN",
                                                                            "cumulative_cardinality": 31,
                                                                            "extra_info": {
                                                                                "Text": "date",
                                                                                "Projections": [
                                                                                    "D_DATEKEY",
                                                                                    "D_YEAR"
                                                                                ],
                                                                                "Filters": "D_YEARMONTH='Dec1997' AND D_YEARMONTH IS NOT NULL",
                                                                                "Estimated Cardinality": "171"
                                                                            },
                                                                            "cpu_time": 0.000113905,
                                                                            "children": []
                                                                        }
                                                                    ]
                                                                },
                                                                {
                                                                    "result_set_size": 3624,
                                                                    "operator_timing": 0.000425267,
                                                                    "operator_rows_scanned": 0,
                                                                    "cumulative_rows_scanned": 20000,
                                                                    "operator_cardinality": 151,
                                                                    "operator_type": "FILTER",
                                                                    "cumulative_cardinality": 20151,
                                                                    "extra_info": {
                                                                        "Expression": "((S_CITY = 'UNITED KI1') OR (S_CITY = 'UNITED KI5'))",
                                                                        "Estimated Cardinality": "4000"
                                                                    },
                                                                    "cpu_time": 0.000723523,
                                                                    "children": [
                                                                        {
                                                                            "result_set_size": 480000,
                                                                            "operator_timing": 0.00029825600000000005,
                                                                            "operator_rows_scanned": 20000,
                                                                            "cumulative_rows_scanned": 20000,
                                                                            "operator_cardinality": 20000,
                                                                            "operator_type": "TABLE_SCAN",
                                                                            "cumulative_cardinality": 20000,
                                                                            "extra_info": {
                                                                                "Text": "supplier",
                                                                                "Projections": [
                                                                                    "S_SUPPKEY",
                                                                                    "S_CITY"
                                                                                ],
                                                                                "Estimated Cardinality": "20000"
                                                                            },
                                                                            "cpu_time": 0.00029825600000000005,
                                                                            "children": []
                                                                        }
                                                                    ]
                                                                }
                                                            ]
                                                        },
                                                        {
                                                            "result_set_size": 56712,
                                                            "operator_timing": 0.006096774000000001,
                                                            "operator_rows_scanned": 0,
                                                            "cumulative_rows_scanned": 900000,
                                                            "operator_cardinality": 2363,
                                                            "operator_type": "FILTER",
                                                            "cumulative_cardinality": 302362,
                                                            "extra_info": {
                                                                "Expression": "((C_CITY = 'UNITED KI1') OR (C_CITY = 'UNITED KI5'))",
                                                                "Estimated Cardinality": "300000"
                                                            },
                                                            "cpu_time": 0.008403744000000001,
                                                            "children": [
                                                                {
                                                                    "result_set_size": 7199976,
                                                                    "operator_timing": 0.0023069700000000006,
                                                                    "operator_rows_scanned": 900000,
                                                                    "cumulative_rows_scanned": 900000,
                                                                    "operator_cardinality": 299999,
                                                                    "operator_type": "TABLE_SCAN",
                                                                    "cumulative_cardinality": 299999,
                                                                    "extra_info": {
                                                                        "Text": "customer",
                                                                        "Projections": [
                                                                            "C_CUSTKEY",
                                                                            "C_CITY"
                                                                        ],
                                                                        "Filters": "C_CUSTKEY<=299999 AND C_CUSTKEY IS NOT NULL",
                                                                        "Estimated Cardinality": "300000"
                                                                    },
                                                                    "cpu_time": 0.0023069700000000006,
                                                                    "children": []
                                                                }
                                                            ]
                                                        }
                                                    ]
                                                }
                                            ]
                                        }
                                    ]
                                }
                            ]
                        }
                    ]
                }
            ]
        }
    ]
}