{
    "all_optimizers": 0.000656489,
    "cumulative_optimizer_timing": 0.0006548340000000001,
    "planner": 0.000373488,
    "planner_binding": 0.000370938,
    "physical_planner": 0.000044418,
    "physical_planner_column_binding": 0.000007249,
    "physical_planner_resolve_types": 0.000001965,
    "physical_planner_create_plan": 0.000029515,
    "optimizer_expression_rewriter": 0.000156252,
    "optimizer_filter_pullup": 0.000002416,
    "optimizer_filter_pushdown": 0.000171936,
    "optimizer_cte_filter_pusher": 0.000001171,
    "optimizer_regex_range": 0.000001314,
    "optimizer_in_clause": 0.000003023,
    "optimizer_join_order": 0.000147563,
    "rows_returned": 1,
    "optimizer_reorder_filter": 0.00001316,
    "latency": 0.059557315,
    "optimizer_duplicate_groups": 0.000005902,
    "result_set_size": 16,
    "optimizer_join_filter_pushdown": 0.00001974,
    "optimizer_compressed_materialization": 0.0,
    "optimizer_top_n": 0.000001003,
    "cumulative_rows_scanned": 24007416,
    "optimizer_limit_pushdown": 9.39e-7,
    "optimizer_build_side_probe_side": 0.000011932,
    "optimizer_column_lifetime": 0.000016918,
    "cumulative_cardinality": 356161,
    "optimizer_common_aggregate": 0.000007123,
    "extra_info": {},
    "optimizer_common_subexpressions": 0.000009737,
    "cpu_time": 0.20811064799999993,
    "optimizer_statistics_propagation": 0.000069271,
    "blocked_thread_time": 0.0,
    "optimizer_unused_columns": 0.000014029,
    "query_name": "",
    "optimizer_unnest_rewriter": 7.41e-7,
    "optimizer_materialized_cte": 0.0,
    "optimizer_extension": 0.0,
    "optimizer_deliminator": 6.64e-7,
    "children": [
        {
            "result_set_size": 16,
            "operator_timing": 0.000002291,
            "operator_rows_scanned": 0,
            "cumulative_rows_scanned": 24007416,
            "operator_cardinality": 1,
            "operator_type": "STREAMING_LIMIT",
            "cumulative_cardinality": 356161,
            "extra_info": {},
            "cpu_time": 0.20811064799999993,
            "children": [
                {
                    "result_set_size": 16,
                    "operator_timing": 0.000507607,
                    "operator_rows_scanned": 0,
                    "cumulative_rows_scanned": 24007416,
                    "operator_cardinality": 1,
                    "operator_type": "UNGROUPED_AGGREGATE",
                    "cumulative_cardinality": 356160,
                    "extra_info": {
                        "Aggregates": "sum(#0)"
                    },
                    "cpu_time": 0.20810835699999994,
                    "children": [
                        {
                            "result_set_size": 474392,
                            "operator_timing": 0.00041611199999999995,
                            "operator_rows_scanned": 0,
                            "cumulative_rows_scanned": 24007416,
                            "operator_cardinality": 118598,
                            "operator_type": "PROJECTION",
                            "cumulative_cardinality": 356159,
                            "extra_info": {
                                "Projections": "(LO_EXTENDEDPRICE * CAST(LO_DISCOUNT AS INTEGER))",
                                "Estimated Cardinality": "330441"
                            },
                            "cpu_time": 0.20760074999999995,
                            "children": [
                                {
                                    "result_set_size": 1541774,
                                    "operator_timing": 0.027634253999999997,
                                    "operator_rows_scanned": 0,
                                    "cumulative_rows_scanned": 24007416,
                                    "operator_cardinality": 118598,
                                    "operator_type": "HASH_JOIN",
                                    "cumulative_cardinality": 237561,
                                    "extra_info": {
                                        "Join Type": "INNER",
                                        "Conditions": "LO_ORDERDATE = D_DATEKEY",
                                        "Build Min": "1992-01-01",
                                        "Build Max": "1998-12-30",
                                        "Estimated Cardinality": "330441"
                                    },
                                    "cpu_time": 0.20718463799999995,
                                    "children": [
                                        {
                                            "result_set_size": 1067382,
                                            "operator_timing": 0.17945646499999995,
                                            "operator_rows_scanned": 24004860,
                                            "cumulative_rows_scanned": 24004860,
                                            "operator_cardinality": 118598,
                                            "operator_type": "TABLE_SCAN",
                                            "cumulative_cardinality": 118598,
                                            "extra_info": {
                                                "Text": "lineorder",
                                                "Projections": [
                                                    "LO_ORDERDATE",
                                                    "LO_DISCOUNT",
                                                    "LO_EXTENDEDPRICE"
                                                ],
                                                "Filters": [
                                                    "LO_DISCOUNT>=1 AND LO_DISCOUNT<=3 AND LO_DISCOUNT IS NOT NULL",
                                                    "LO_QUANTITY<25 AND LO_QUANTITY IS NOT NULL"
                                                ],
                                                "Estimated Cardinality": "1200243"
                                            },
                                            "cpu_time": 0.17945646499999995,
                                            "children": []
                                        },
                                        {
                                            "result_set_size": 1460,
                                            "operator_timing": 0.00009391899999999999,
                                            "operator_rows_scanned": 2556,
                                            "cumulative_rows_scanned": 2556,
                                            "operator_cardinality": 365,
                                            "operator_type": "TABLE_SCAN",
                                            "cumulative_cardinality": 365,
                                            "extra_info": {
                                                "Text": "date",
                                                "Projections": "D_DATEKEY",
                                                "Filters": "D_YEAR=1993 AND D_YEAR IS NOT NULL",
                                                "Estimated Cardinality": "639"
                                            },
                                            "cpu_time": 0.00009391899999999999,
                                            "children": []
                                        }
                                    ]
                                }
                            ]
                        }
                    ]
                }
            ]
        }
    ]
}