{
    "all_optimizers": 0.000675491,
    "cumulative_optimizer_timing": 0.0006738180000000001,
    "planner": 0.00037382699999999997,
    "planner_binding": 0.000371111,
    "physical_planner": 0.000047624000000000003,
    "physical_planner_column_binding": 0.000007548,
    "physical_planner_resolve_types": 0.000001965,
    "physical_planner_create_plan": 0.000032391,
    "optimizer_expression_rewriter": 0.000157627,
    "optimizer_filter_pullup": 0.00000276,
    "optimizer_filter_pushdown": 0.000178234,
    "optimizer_cte_filter_pusher": 0.0000018,
    "optimizer_regex_range": 9.53e-7,
    "optimizer_in_clause": 0.000003216,
    "optimizer_join_order": 0.000150432,
    "rows_returned": 1,
    "optimizer_reorder_filter": 0.000013486,
    "latency": 0.104748975,
    "optimizer_duplicate_groups": 0.000005765,
    "result_set_size": 16,
    "optimizer_join_filter_pushdown": 0.000021394,
    "optimizer_compressed_materialization": 0.0,
    "optimizer_top_n": 0.000001165,
    "cumulative_rows_scanned": 12004986,
    "optimizer_limit_pushdown": 0.000001054,
    "optimizer_build_side_probe_side": 0.000012846,
    "optimizer_column_lifetime": 0.000017182,
    "cumulative_cardinality": 356161,
    "optimizer_common_aggregate": 0.000007855,
    "extra_info": {},
    "optimizer_common_subexpressions": 0.000010116,
    "cpu_time": 0.19586137699999984,
    "optimizer_statistics_propagation": 0.000071291,
    "blocked_thread_time": 0.0,
    "optimizer_unused_columns": 0.000014405,
    "query_name": "",
    "optimizer_unnest_rewriter": 9.89e-7,
    "optimizer_materialized_cte": 0.0,
    "optimizer_extension": 0.0,
    "optimizer_deliminator": 0.000001248,
    "children": [
        {
            "result_set_size": 16,
            "operator_timing": 0.000001849,
            "operator_rows_scanned": 0,
            "cumulative_rows_scanned": 12004986,
            "operator_cardinality": 1,
            "operator_type": "STREAMING_LIMIT",
            "cumulative_cardinality": 356161,
            "extra_info": {},
            "cpu_time": 0.19586137699999984,
            "children": [
                {
                    "result_set_size": 16,
                    "operator_timing": 0.00046759399999999994,
                    "operator_rows_scanned": 0,
                    "cumulative_rows_scanned": 12004986,
                    "operator_cardinality": 1,
                    "operator_type": "UNGROUPED_AGGREGATE",
                    "cumulative_cardinality": 356160,
                    "extra_info": {
                        "Aggregates": "sum(#0)"
                    },
                    "cpu_time": 0.19585952799999984,
                    "children": [
                        {
                            "result_set_size": 474392,
                            "operator_timing": 0.00036919,
                            "operator_rows_scanned": 0,
                            "cumulative_rows_scanned": 12004986,
                            "operator_cardinality": 118598,
                            "operator_type": "PROJECTION",
                            "cumulative_cardinality": 356159,
                            "extra_info": {
                                "Projections": "(LO_EXTENDEDPRICE * CAST(LO_DISCOUNT AS INTEGER))",
                                "Estimated Cardinality": "330441"
                            },
                            "cpu_time": 0.19539193399999985,
                            "children": [
                                {
                                    "result_set_size": 1541774,
                                    "operator_timing": 0.02548578999999998,
                                    "operator_rows_scanned": 0,
                                    "cumulative_rows_scanned": 12004986,
                                    "operator_cardinality": 118598,
                                    "operator_type": "HASH_JOIN",
                                    "cumulative_cardinality": 237561,
                                    "extra_info": {
                                        "Join Type": "INNER",
                                        "Conditions": "LO_ORDERDATE = D_DATEKEY",
                                        "Build Min": "1992-01-01",
                                        "Build Max": "1998-12-30",
                                        "Estimated Cardinality": "330441"
                                    },
                                    "cpu_time": 0.19502274399999986,
                                    "children": [
                                        {
                                            "result_set_size": 1067382,
                                            "operator_timing": 0.1694459139999999,
                                            "operator_rows_scanned": 12002430,
                                            "cumulative_rows_scanned": 12002430,
                                            "operator_cardinality": 118598,
                                            "operator_type": "TABLE_SCAN",
                                            "cumulative_cardinality": 118598,
                                            "extra_info": {
                                                "Text": "lineorder",
                                                "Projections": [
                                                    "LO_ORDERDATE",
                                                    "LO_DISCOUNT",
                                                    "LO_EXTENDEDPRICE"
                                                ],
                                                "Filters": [
                                                    "LO_DISCOUNT>=1 AND LO_DISCOUNT<=3 AND LO_DISCOUNT IS NOT NULL",
                                                    "LO_QUANTITY<25 AND LO_QUANTITY IS NOT NULL"
                                                ],
                                                "Estimated Cardinality": "1200243"
                                            },
                                            "cpu_time": 0.1694459139999999,
                                            "children": []
                                        },
                                        {
                                            "result_set_size": 1460,
                                            "operator_timing": 0.00009104,
                                            "operator_rows_scanned": 2556,
                                            "cumulative_rows_scanned": 2556,
                                            "operator_cardinality": 365,
                                            "operator_type": "TABLE_SCAN",
                                            "cumulative_cardinality": 365,
                                            "extra_info": {
                                                "Text": "date",
                                                "Projections": "D_DATEKEY",
                                                "Filters": "D_YEAR=1993 AND D_YEAR IS NOT NULL",
                                                "Estimated Cardinality": "639"
                                            },
                                            "cpu_time": 0.00009104,
                                            "children": []
                                        }
                                    ]
                                }
                            ]
                        }
                    ]
                }
            ]
        }
    ]
}