{
    "all_optimizers": 0.001530182,
    "cumulative_optimizer_timing": 0.0015268469999999998,
    "planner": 0.000443813,
    "planner_binding": 0.0004408,
    "physical_planner": 0.000132645,
    "physical_planner_column_binding": 0.000029847,
    "physical_planner_resolve_types": 0.000006824,
    "physical_planner_create_plan": 0.000085667,
    "optimizer_expression_rewriter": 0.000124621,
    "optimizer_filter_pullup": 0.000003872,
    "optimizer_filter_pushdown": 0.00022092,
    "optimizer_cte_filter_pusher": 0.000001438,
    "optimizer_regex_range": 0.000001458,
    "optimizer_in_clause": 0.000013435,
    "optimizer_join_order": 0.000511508,
    "rows_returned": 7,
    "optimizer_reorder_filter": 0.000019956,
    "latency": 3.665391844,
    "optimizer_duplicate_groups": 0.000014072,
    "result_set_size": 238,
    "optimizer_join_filter_pushdown": 0.000053008,
    "optimizer_compressed_materialization": 0.0,
    "optimizer_top_n": 0.0000031,
    "cumulative_rows_scanned": 60808608,
    "optimizer_limit_pushdown": 0.000001172,
    "optimizer_build_side_probe_side": 0.000034564,
    "optimizer_column_lifetime": 0.000059884,
    "cumulative_cardinality": 59906003,
    "optimizer_common_aggregate": 0.000014922,
    "extra_info": {},
    "optimizer_common_subexpressions": 0.000006371,
    "cpu_time": 3.5411945860000094,
    "optimizer_statistics_propagation": 0.000415642,
    "blocked_thread_time": 0.0,
    "optimizer_unused_columns": 0.000024173,
    "query_name": "",
    "optimizer_unnest_rewriter": 0.000001239,
    "optimizer_materialized_cte": 0.0,
    "optimizer_extension": 0.0,
    "optimizer_deliminator": 0.000001492,
    "children": [
        {
            "result_set_size": 238,
            "operator_timing": 0.00009563099999999999,
            "operator_rows_scanned": 0,
            "cumulative_rows_scanned": 60808608,
            "operator_cardinality": 7,
            "operator_type": "TOP_N",
            "cumulative_cardinality": 59906003,
            "extra_info": {
                "Top": "10000",
                "Order By": [
                    "date.d_year ASC",
                    "part.p_brand1 ASC"
                ]
            },
            "cpu_time": 3.5411945860000094,
            "children": [
                {
                    "result_set_size": 238,
                    "operator_timing": 0.000001195,
                    "operator_rows_scanned": 0,
                    "cumulative_rows_scanned": 60808608,
                    "operator_cardinality": 7,
                    "operator_type": "PROJECTION",
                    "cumulative_cardinality": 59905996,
                    "extra_info": {
                        "Projections": [
                            "sum(LO_REVENUE)",
                            "D_YEAR",
                            "P_BRAND1"
                        ],
                        "Estimated Cardinality": "6028"
                    },
                    "cpu_time": 3.541098955000009,
                    "children": [
                        {
                            "result_set_size": 238,
                            "operator_timing": 0.000010613,
                            "operator_rows_scanned": 0,
                            "cumulative_rows_scanned": 60808608,
                            "operator_cardinality": 7,
                            "operator_type": "PROJECTION",
                            "cumulative_cardinality": 59905989,
                            "extra_info": {
                                "Projections": [
                                    "__internal_decompress_integral_smallint(#0, 1992)",
                                    "__internal_decompress_string(#1)",
                                    "#2"
                                ],
                                "Estimated Cardinality": "6028"
                            },
                            "cpu_time": 3.5410977600000093,
                            "children": [
                                {
                                    "result_set_size": 231,
                                    "operator_timing": 0.0025530160000000004,
                                    "operator_rows_scanned": 0,
                                    "cumulative_rows_scanned": 60808608,
                                    "operator_cardinality": 7,
                                    "operator_type": "HASH_GROUP_BY",
                                    "cumulative_cardinality": 59905982,
                                    "extra_info": {
                                        "Groups": [
                                            "#0",
                                            "#1"
                                        ],
                                        "Aggregates": "sum(#2)",
                                        "Estimated Cardinality": "6028"
                                    },
                                    "cpu_time": 3.541087147000009,
                                    "children": [
                                        {
                                            "result_set_size": 248787,
                                            "operator_timing": 0.000053227000000000004,
                                            "operator_rows_scanned": 0,
                                            "cumulative_rows_scanned": 60808608,
                                            "operator_cardinality": 11847,
                                            "operator_type": "PROJECTION",
                                            "cumulative_cardinality": 59905975,
                                            "extra_info": {
                                                "Projections": [
                                                    "D_YEAR",
                                                    "P_BRAND1",
                                                    "LO_REVENUE"
                                                ],
                                                "Estimated Cardinality": "12056"
                                            },
                                            "cpu_time": 3.5385341310000094,
                                            "children": [
                                                {
                                                    "result_set_size": 485727,
                                                    "operator_timing": 0.0015587369999999995,
                                                    "operator_rows_scanned": 0,
                                                    "cumulative_rows_scanned": 60808608,
                                                    "operator_cardinality": 11847,
                                                    "operator_type": "PROJECTION",
                                                    "cumulative_cardinality": 59894128,
                                                    "extra_info": {
                                                        "Projections": [
                                                            "#0",
                                                            "__internal_compress_integral_uinteger(#1, 1)",
                                                            "__internal_compress_integral_usmallint(#2, 1)",
                                                            "#3",
                                                            "__internal_compress_integral_uinteger(#4, 1)",
                                                            "__internal_compress_string_hugeint(#5)",
                                                            "__internal_compress_integral_usmallint(#6, 1)",
                                                            "#7",
                                                            "__internal_compress_integral_utinyint(#8, 1992)"
                                                        ],
                                                        "Estimated Cardinality": "12056"
                                                    },
                                                    "cpu_time": 3.5384809040000094,
                                                    "children": [
                                                        {
                                                            "result_set_size": 734514,
                                                            "operator_timing": 0.000675444,
                                                            "operator_rows_scanned": 0,
                                                            "cumulative_rows_scanned": 60808608,
                                                            "operator_cardinality": 11847,
                                                            "operator_type": "HASH_JOIN",
                                                            "cumulative_cardinality": 59882281,
                                                            "extra_info": {
                                                                "Join Type": "INNER",
                                                                "Conditions": "LO_ORDERDATE = D_DATEKEY",
                                                                "Build Min": "1992-01-01",
                                                                "Build Max": "1998-12-30",
                                                                "Estimated Cardinality": "12056"
                                                            },
                                                            "cpu_time": 3.5369221670000095,
                                                            "children": [
                                                                {
                                                                    "result_set_size": 663432,
                                                                    "operator_timing": 0.001415987,
                                                                    "operator_rows_scanned": 0,
                                                                    "cumulative_rows_scanned": 60806052,
                                                                    "operator_cardinality": 11847,
                                                                    "operator_type": "HASH_JOIN",
                                                                    "cumulative_cardinality": 59867878,
                                                                    "extra_info": {
                                                                        "Join Type": "INNER",
                                                                        "Conditions": "LO_SUPPKEY = S_SUPPKEY",
                                                                        "Build Min": "1",
                                                                        "Build Max": "20000",
                                                                        "Estimated Cardinality": "10948"
                                                                    },
                                                                    "cpu_time": 3.5362037350000093,
                                                                    "children": [
                                                                        {
                                                                            "result_set_size": 2857776,
                                                                            "operator_timing": 0.46443875199999796,
                                                                            "operator_rows_scanned": 0,
                                                                            "cumulative_rows_scanned": 60786052,
                                                                            "operator_cardinality": 59537,
                                                                            "operator_type": "HASH_JOIN",
                                                                            "cumulative_cardinality": 59852059,
                                                                            "extra_info": {
                                                                                "Join Type": "INNER",
                                                                                "Conditions": "LO_PARTKEY = P_PARTKEY",
                                                                                "Build Min": "1",
                                                                                "Build Max": "600000",
                                                                                "Estimated Cardinality": "54741"
                                                                            },
                                                                            "cpu_time": 3.5326281040000094,
                                                                            "children": [
                                                                                {
                                                                                    "result_set_size": 1434987288,
                                                                                    "operator_timing": 3.043716065000011,
                                                                                    "operator_rows_scanned": 59986052,
                                                                                    "cumulative_rows_scanned": 59986052,
                                                                                    "operator_cardinality": 59791137,
                                                                                    "operator_type": "TABLE_SCAN",
                                                                                    "cumulative_cardinality": 59791137,
                                                                                    "extra_info": {
                                                                                        "Text": "lineorder",
                                                                                        "Projections": [
                                                                                            "LO_ORDERDATE",
                                                                                            "LO_PARTKEY",
                                                                                            "LO_SUPPKEY",
                                                                                            "LO_REVENUE"
                                                                                        ],
                                                                                        "Estimated Cardinality": "59986052"
                                                                                    },
                                                                                    "cpu_time": 3.043716065000011,
                                                                                    "children": []
                                                                                },
                                                                                {
                                                                                    "result_set_size": 14304,
                                                                                    "operator_timing": 0.0016321539999999994,
                                                                                    "operator_rows_scanned": 0,
                                                                                    "cumulative_rows_scanned": 800000,
                                                                                    "operator_cardinality": 596,
                                                                                    "operator_type": "FILTER",
                                                                                    "cumulative_cardinality": 1385,
                                                                                    "extra_info": {
                                                                                        "Expression": "(P_PARTKEY <= 600000)",
                                                                                        "Estimated Cardinality": "727"
                                                                                    },
                                                                                    "cpu_time": 0.024473287000000017,
                                                                                    "children": [
                                                                                        {
                                                                                            "result_set_size": 18936,
                                                                                            "operator_timing": 0.022841133000000017,
                                                                                            "operator_rows_scanned": 800000,
                                                                                            "cumulative_rows_scanned": 800000,
                                                                                            "operator_cardinality": 789,
                                                                                            "operator_type": "TABLE_SCAN",
                                                                                            "cumulative_cardinality": 789,
                                                                                            "extra_info": {
                                                                                                "Text": "part",
                                                                                                "Projections": [
                                                                                                    "P_PARTKEY",
                                                                                                    "P_BRAND1"
                                                                                                ],
                                                                                                "Filters": "P_BRAND1='MFGR#2221' AND P_BRAND1 IS NOT NULL",
                                                                                                "Estimated Cardinality": "727"
                                                                                            },
                                                                                            "cpu_time": 0.022841133000000017,
                                                                                            "children": []
                                                                                        }
                                                                                    ]
                                                                                }
                                                                            ]
                                                                        },
                                                                        {
                                                                            "result_set_size": 31776,
                                                                            "operator_timing": 0.0021596440000000005,
                                                                            "operator_rows_scanned": 20000,
                                                                            "cumulative_rows_scanned": 20000,
                                                                            "operator_cardinality": 3972,
                                                                            "operator_type": "TABLE_SCAN",
                                                                            "cumulative_cardinality": 3972,
                                                                            "extra_info": {
                                                                                "Text": "supplier",
                                                                                "Projections": "S_SUPPKEY",
                                                                                "Filters": "S_REGION='EUROPE' AND S_REGION IS NOT NULL",
                                                                                "Estimated Cardinality": "4000"
                                                                            },
                                                                            "cpu_time": 0.0021596440000000005,
                                                                            "children": []
                                                                        }
                                                                    ]
                                                                },
                                                                {
                                                                    "result_set_size": 15336,
                                                                    "operator_timing": 0.000042988,
                                                                    "operator_rows_scanned": 2556,
                                                                    "cumulative_rows_scanned": 2556,
                                                                    "operator_cardinality": 2556,
                                                                    "operator_type": "TABLE_SCAN",
                                                                    "cumulative_cardinality": 2556,
                                                                    "extra_info": {
                                                                        "Text": "date",
                                                                        "Projections": [
                                                                            "D_DATEKEY",
                                                                            "D_YEAR"
                                                                        ],
                                                                        "Estimated Cardinality": "2556"
                                                                    },
                                                                    "cpu_time": 0.000042988,
                                                                    "children": []
                                                                }
                                                            ]
                                                        }
                                                    ]
                                                }
                                            ]
                                        }
                                    ]
                                }
                            ]
                        }
                    ]
                }
            ]
        }
    ]
}