{
    "all_optimizers": 0.001479607,
    "cumulative_optimizer_timing": 0.0014763829999999997,
    "planner": 0.000456302,
    "planner_binding": 0.000453257,
    "physical_planner": 0.00012216400000000002,
    "physical_planner_column_binding": 0.000029848,
    "physical_planner_resolve_types": 0.000006724,
    "physical_planner_create_plan": 0.000075574,
    "optimizer_expression_rewriter": 0.000120643,
    "optimizer_filter_pullup": 0.000003525,
    "optimizer_filter_pushdown": 0.000208317,
    "optimizer_cte_filter_pusher": 0.000001731,
    "optimizer_regex_range": 0.000001652,
    "optimizer_in_clause": 0.000003989,
    "optimizer_join_order": 0.000507653,
    "rows_returned": 7,
    "optimizer_reorder_filter": 0.000021028,
    "latency": 1.060522552,
    "optimizer_duplicate_groups": 0.000013539,
    "result_set_size": 238,
    "optimizer_join_filter_pushdown": 0.000050888,
    "optimizer_compressed_materialization": 0.0,
    "optimizer_top_n": 0.000003307,
    "cumulative_rows_scanned": 121594660,
    "optimizer_limit_pushdown": 0.000001092,
    "optimizer_build_side_probe_side": 0.000030604,
    "optimizer_column_lifetime": 0.000061189,
    "cumulative_cardinality": 59906003,
    "optimizer_common_aggregate": 0.000014725,
    "extra_info": {},
    "optimizer_common_subexpressions": 0.000006409,
    "cpu_time": 1.9881679189999941,
    "optimizer_statistics_propagation": 0.000400755,
    "blocked_thread_time": 0.0,
    "optimizer_unused_columns": 0.000022906,
    "query_name": "",
    "optimizer_unnest_rewriter": 0.00000128,
    "optimizer_materialized_cte": 0.0,
    "optimizer_extension": 0.0,
    "optimizer_deliminator": 0.000001151,
    "children": [
        {
            "result_set_size": 238,
            "operator_timing": 0.00012783600000000001,
            "operator_rows_scanned": 0,
            "cumulative_rows_scanned": 121594660,
            "operator_cardinality": 7,
            "operator_type": "TOP_N",
            "cumulative_cardinality": 59906003,
            "extra_info": {
                "Top": "10000",
                "Order By": [
                    "date.d_year ASC",
                    "part.p_brand1 ASC"
                ]
            },
            "cpu_time": 1.9881679189999941,
            "children": [
                {
                    "result_set_size": 238,
                    "operator_timing": 0.0000024659999999999998,
                    "operator_rows_scanned": 0,
                    "cumulative_rows_scanned": 121594660,
                    "operator_cardinality": 7,
                    "operator_type": "PROJECTION",
                    "cumulative_cardinality": 59905996,
                    "extra_info": {
                        "Projections": [
                            "sum(LO_REVENUE)",
                            "D_YEAR",
                            "P_BRAND1"
                        ],
                        "Estimated Cardinality": "6028"
                    },
                    "cpu_time": 1.988040082999994,
                    "children": [
                        {
                            "result_set_size": 238,
                            "operator_timing": 0.000020145,
                            "operator_rows_scanned": 0,
                            "cumulative_rows_scanned": 121594660,
                            "operator_cardinality": 7,
                            "operator_type": "PROJECTION",
                            "cumulative_cardinality": 59905989,
                            "extra_info": {
                                "Projections": [
                                    "__internal_decompress_integral_smallint(#0, 1992)",
                                    "__internal_decompress_string(#1)",
                                    "#2"
                                ],
                                "Estimated Cardinality": "6028"
                            },
                            "cpu_time": 1.988037616999994,
                            "children": [
                                {
                                    "result_set_size": 231,
                                    "operator_timing": 0.003837783,
                                    "operator_rows_scanned": 0,
                                    "cumulative_rows_scanned": 121594660,
                                    "operator_cardinality": 7,
                                    "operator_type": "HASH_GROUP_BY",
                                    "cumulative_cardinality": 59905982,
                                    "extra_info": {
                                        "Groups": [
                                            "#0",
                                            "#1"
                                        ],
                                        "Aggregates": "sum(#2)",
                                        "Estimated Cardinality": "6028"
                                    },
                                    "cpu_time": 1.9880174719999941,
                                    "children": [
                                        {
                                            "result_set_size": 248787,
                                            "operator_timing": 0.000042808,
                                            "operator_rows_scanned": 0,
                                            "cumulative_rows_scanned": 121594660,
                                            "operator_cardinality": 11847,
                                            "operator_type": "PROJECTION",
                                            "cumulative_cardinality": 59905975,
                                            "extra_info": {
                                                "Projections": [
                                                    "D_YEAR",
                                                    "P_BRAND1",
                                                    "LO_REVENUE"
                                                ],
                                                "Estimated Cardinality": "12056"
                                            },
                                            "cpu_time": 1.984179688999994,
                                            "children": [
                                                {
                                                    "result_set_size": 485727,
                                                    "operator_timing": 0.0010388520000000003,
                                                    "operator_rows_scanned": 0,
                                                    "cumulative_rows_scanned": 121594660,
                                                    "operator_cardinality": 11847,
                                                    "operator_type": "PROJECTION",
                                                    "cumulative_cardinality": 59894128,
                                                    "extra_info": {
                                                        "Projections": [
                                                            "#0",
                                                            "__internal_compress_integral_uinteger(#1, 1)",
                                                            "__internal_compress_integral_usmallint(#2, 1)",
                                                            "#3",
                                                            "__internal_compress_integral_uinteger(#4, 1)",
                                                            "__internal_compress_string_hugeint(#5)",
                                                            "__internal_compress_integral_usmallint(#6, 1)",
                                                            "#7",
                                                            "__internal_compress_integral_utinyint(#8, 1992)"
                                                        ],
                                                        "Estimated Cardinality": "12056"
                                                    },
                                                    "cpu_time": 1.9841368809999942,
                                                    "children": [
                                                        {
                                                            "result_set_size": 734514,
                                                            "operator_timing": 0.0006152999999999999,
                                                            "operator_rows_scanned": 0,
                                                            "cumulative_rows_scanned": 121594660,
                                                            "operator_cardinality": 11847,
                                                            "operator_type": "HASH_JOIN",
                                                            "cumulative_cardinality": 59882281,
                                                            "extra_info": {
                                                                "Join Type": "INNER",
                                                                "Conditions": "LO_ORDERDATE = D_DATEKEY",
                                                                "Build Min": "1992-01-01",
                                                                "Build Max": "1998-12-30",
                                                                "Estimated Cardinality": "12056"
                                                            },
                                                            "cpu_time": 1.9830980289999942,
                                                            "children": [
                                                                {
                                                                    "result_set_size": 663432,
                                                                    "operator_timing": 0.001271359,
                                                                    "operator_rows_scanned": 0,
                                                                    "cumulative_rows_scanned": 121592104,
                                                                    "operator_cardinality": 11847,
                                                                    "operator_type": "HASH_JOIN",
                                                                    "cumulative_cardinality": 59867878,
                                                                    "extra_info": {
                                                                        "Join Type": "INNER",
                                                                        "Conditions": "LO_SUPPKEY = S_SUPPKEY",
                                                                        "Build Min": "1",
                                                                        "Build Max": "20000",
                                                                        "Estimated Cardinality": "10948"
                                                                    },
                                                                    "cpu_time": 1.9824501509999943,
                                                                    "children": [
                                                                        {
                                                                            "result_set_size": 2857776,
                                                                            "operator_timing": 0.4505107179999987,
                                                                            "operator_rows_scanned": 0,
                                                                            "cumulative_rows_scanned": 121572104,
                                                                            "operator_cardinality": 59537,
                                                                            "operator_type": "HASH_JOIN",
                                                                            "cumulative_cardinality": 59852059,
                                                                            "extra_info": {
                                                                                "Join Type": "INNER",
                                                                                "Conditions": "LO_PARTKEY = P_PARTKEY",
                                                                                "Build Min": "1",
                                                                                "Build Max": "600000",
                                                                                "Estimated Cardinality": "54741"
                                                                            },
                                                                            "cpu_time": 1.9807535709999944,
                                                                            "children": [
                                                                                {
                                                                                    "result_set_size": 1434987288,
                                                                                    "operator_timing": 1.5163493939999957,
                                                                                    "operator_rows_scanned": 119972104,
                                                                                    "cumulative_rows_scanned": 119972104,
                                                                                    "operator_cardinality": 59791137,
                                                                                    "operator_type": "TABLE_SCAN",
                                                                                    "cumulative_cardinality": 59791137,
                                                                                    "extra_info": {
                                                                                        "Text": "lineorder",
                                                                                        "Projections": [
                                                                                            "LO_ORDERDATE",
                                                                                            "LO_PARTKEY",
                                                                                            "LO_SUPPKEY",
                                                                                            "LO_REVENUE"
                                                                                        ],
                                                                                        "Estimated Cardinality": "59986052"
                                                                                    },
                                                                                    "cpu_time": 1.5163493939999957,
                                                                                    "children": []
                                                                                },
                                                                                {
                                                                                    "result_set_size": 14304,
                                                                                    "operator_timing": 0.0016176460000000004,
                                                                                    "operator_rows_scanned": 0,
                                                                                    "cumulative_rows_scanned": 1600000,
                                                                                    "operator_cardinality": 596,
                                                                                    "operator_type": "FILTER",
                                                                                    "cumulative_cardinality": 1385,
                                                                                    "extra_info": {
                                                                                        "Expression": "(P_PARTKEY <= 600000)",
                                                                                        "Estimated Cardinality": "727"
                                                                                    },
                                                                                    "cpu_time": 0.013893458999999997,
                                                                                    "children": [
                                                                                        {
                                                                                            "result_set_size": 18936,
                                                                                            "operator_timing": 0.012275812999999997,
                                                                                            "operator_rows_scanned": 1600000,
                                                                                            "cumulative_rows_scanned": 1600000,
                                                                                            "operator_cardinality": 789,
                                                                                            "operator_type": "TABLE_SCAN",
                                                                                            "cumulative_cardinality": 789,
                                                                                            "extra_info": {
                                                                                                "Text": "part",
                                                                                                "Projections": [
                                                                                                    "P_PARTKEY",
                                                                                                    "P_BRAND1"
                                                                                                ],
                                                                                                "Filters": "P_BRAND1='MFGR#2221' AND P_BRAND1 IS NOT NULL",
                                                                                                "Estimated Cardinality": "727"
                                                                                            },
                                                                                            "cpu_time": 0.012275812999999997,
                                                                                            "children": []
                                                                                        }
                                                                                    ]
                                                                                }
                                                                            ]
                                                                        },
                                                                        {
                                                                            "result_set_size": 31776,
                                                                            "operator_timing": 0.00042522099999999993,
                                                                            "operator_rows_scanned": 20000,
                                                                            "cumulative_rows_scanned": 20000,
                                                                            "operator_cardinality": 3972,
                                                                            "operator_type": "TABLE_SCAN",
                                                                            "cumulative_cardinality": 3972,
                                                                            "extra_info": {
                                                                                "Text": "supplier",
                                                                                "Projections": "S_SUPPKEY",
                                                                                "Filters": "S_REGION='EUROPE' AND S_REGION IS NOT NULL",
                                                                                "Estimated Cardinality": "4000"
                                                                            },
                                                                            "cpu_time": 0.00042522099999999993,
                                                                            "children": []
                                                                        }
                                                                    ]
                                                                },
                                                                {
                                                                    "result_set_size": 15336,
                                                                    "operator_timing": 0.000032578,
                                                                    "operator_rows_scanned": 2556,
                                                                    "cumulative_rows_scanned": 2556,
                                                                    "operator_cardinality": 2556,
                                                                    "operator_type": "TABLE_SCAN",
                                                                    "cumulative_cardinality": 2556,
                                                                    "extra_info": {
                                                                        "Text": "date",
                                                                        "Projections": [
                                                                            "D_DATEKEY",
                                                                            "D_YEAR"
                                                                        ],
                                                                        "Estimated Cardinality": "2556"
                                                                    },
                                                                    "cpu_time": 0.000032578,
                                                                    "children": []
                                                                }
                                                            ]
                                                        }
                                                    ]
                                                }
                                            ]
                                        }
                                    ]
                                }
                            ]
                        }
                    ]
                }
            ]
        }
    ]
}