{
    "query_name": "",
    "children": [
        {
            "operator_cardinality": 1,
            "operator_rows_scanned": 0,
            "operator_timing": 0.000001781,
            "operator_type": "STREAMING_LIMIT",
            "children": [
                {
                    "operator_cardinality": 1,
                    "operator_rows_scanned": 0,
                    "operator_timing": 0.0043954630000000005,
                    "operator_type": "UNGROUPED_AGGREGATE",
                    "children": [
                        {
                            "operator_cardinality": 1193001,
                            "operator_rows_scanned": 0,
                            "operator_timing": 0.003162821999999999,
                            "operator_type": "PROJECTION",
                            "children": [
                                {
                                    "operator_cardinality": 1193001,
                                    "operator_rows_scanned": 0,
                                    "operator_timing": 0.2378031949999998,
                                    "operator_type": "HASH_JOIN",
                                    "children": [
                                        {
                                            "operator_cardinality": 1193001,
                                            "operator_rows_scanned": 119972104,
                                            "operator_timing": 1.6769591560000028,
                                            "operator_type": "TABLE_SCAN",
                                            "children": []
                                        },
                                        {
                                            "operator_cardinality": 365,
                                            "operator_rows_scanned": 2556,
                                            "operator_timing": 0.000050517000000000004,
                                            "operator_type": "TABLE_SCAN",
                                            "children": []
                                        }
                                    ]
                                }
                            ]
                        }
                    ]
                }
            ]
        }
    ]
}