{
    "query_name": "",
    "children": [
        {
            "operator_cardinality": 1,
            "operator_rows_scanned": 0,
            "operator_timing": 0.000002215,
            "operator_type": "STREAMING_LIMIT",
            "children": [
                {
                    "operator_cardinality": 1,
                    "operator_rows_scanned": 0,
                    "operator_timing": 0.0004718500000000001,
                    "operator_type": "UNGROUPED_AGGREGATE",
                    "children": [
                        {
                            "operator_cardinality": 118598,
                            "operator_rows_scanned": 0,
                            "operator_timing": 0.000368108,
                            "operator_type": "PROJECTION",
                            "children": [
                                {
                                    "operator_cardinality": 118598,
                                    "operator_rows_scanned": 0,
                                    "operator_timing": 0.02530869700000003,
                                    "operator_type": "HASH_JOIN",
                                    "children": [
                                        {
                                            "operator_cardinality": 118598,
                                            "operator_rows_scanned": 12002430,
                                            "operator_timing": 0.16967305199999988,
                                            "operator_type": "TABLE_SCAN",
                                            "children": []
                                        },
                                        {
                                            "operator_cardinality": 365,
                                            "operator_rows_scanned": 2556,
                                            "operator_timing": 0.000045211,
                                            "operator_type": "TABLE_SCAN",
                                            "children": []
                                        }
                                    ]
                                }
                            ]
                        }
                    ]
                }
            ]
        }
    ]
}