{
    "query_name": "",
    "children": [
        {
            "operator_cardinality": 1,
            "operator_rows_scanned": 0,
            "operator_timing": 0.000001999,
            "operator_type": "STREAMING_LIMIT",
            "children": [
                {
                    "operator_cardinality": 1,
                    "operator_rows_scanned": 0,
                    "operator_timing": 0.04318074300000004,
                    "operator_type": "UNGROUPED_AGGREGATE",
                    "children": [
                        {
                            "operator_cardinality": 11913972,
                            "operator_rows_scanned": 0,
                            "operator_timing": 0.03038936400000002,
                            "operator_type": "PROJECTION",
                            "children": [
                                {
                                    "operator_cardinality": 11913972,
                                    "operator_rows_scanned": 0,
                                    "operator_timing": 2.4276788429999896,
                                    "operator_type": "HASH_JOIN",
                                    "children": [
                                        {
                                            "operator_cardinality": 11913972,
                                            "operator_rows_scanned": 2400151608,
                                            "operator_timing": 16.717332477000014,
                                            "operator_type": "TABLE_SCAN",
                                            "children": []
                                        },
                                        {
                                            "operator_cardinality": 365,
                                            "operator_rows_scanned": 2556,
                                            "operator_timing": 0.000049697,
                                            "operator_type": "TABLE_SCAN",
                                            "children": []
                                        }
                                    ]
                                }
                            ]
                        }
                    ]
                }
            ]
        }
    ]
}