{
    "query_name": "",
    "children": [
        {
            "operator_cardinality": 1,
            "operator_rows_scanned": 0,
            "operator_timing": 0.000001778,
            "operator_type": "STREAMING_LIMIT",
            "children": [
                {
                    "operator_cardinality": 1,
                    "operator_rows_scanned": 0,
                    "operator_timing": 0.000533291,
                    "operator_type": "UNGROUPED_AGGREGATE",
                    "children": [
                        {
                            "operator_cardinality": 118598,
                            "operator_rows_scanned": 0,
                            "operator_timing": 0.000537112,
                            "operator_type": "PROJECTION",
                            "children": [
                                {
                                    "operator_cardinality": 118598,
                                    "operator_rows_scanned": 0,
                                    "operator_timing": 0.029605512000000007,
                                    "operator_type": "HASH_JOIN",
                                    "children": [
                                        {
                                            "operator_cardinality": 118598,
                                            "operator_rows_scanned": 48009720,
                                            "operator_timing": 0.19267523800000005,
                                            "operator_type": "TABLE_SCAN",
                                            "children": []
                                        },
                                        {
                                            "operator_cardinality": 365,
                                            "operator_rows_scanned": 2556,
                                            "operator_timing": 0.000042586,
                                            "operator_type": "TABLE_SCAN",
                                            "children": []
                                        }
                                    ]
                                }
                            ]
                        }
                    ]
                }
            ]
        }
    ]
}