{
    "query_name": "",
    "children": [
        {
            "operator_cardinality": 1,
            "operator_rows_scanned": 0,
            "operator_timing": 0.000002323,
            "operator_type": "STREAMING_LIMIT",
            "children": [
                {
                    "operator_cardinality": 1,
                    "operator_rows_scanned": 0,
                    "operator_timing": 0.04475478100000007,
                    "operator_type": "UNGROUPED_AGGREGATE",
                    "children": [
                        {
                            "operator_cardinality": 11913972,
                            "operator_rows_scanned": 0,
                            "operator_timing": 0.032068235,
                            "operator_type": "PROJECTION",
                            "children": [
                                {
                                    "operator_cardinality": 11913972,
                                    "operator_rows_scanned": 0,
                                    "operator_timing": 2.494963533999974,
                                    "operator_type": "HASH_JOIN",
                                    "children": [
                                        {
                                            "operator_cardinality": 11913972,
                                            "operator_rows_scanned": 1200075804,
                                            "operator_timing": 18.135304463000082,
                                            "operator_type": "TABLE_SCAN",
                                            "children": []
                                        },
                                        {
                                            "operator_cardinality": 365,
                                            "operator_rows_scanned": 2556,
                                            "operator_timing": 0.00004845,
                                            "operator_type": "TABLE_SCAN",
                                            "children": []
                                        }
                                    ]
                                }
                            ]
                        }
                    ]
                }
            ]
        }
    ]
}