{
    "query_name": "",
    "children": [
        {
            "operator_cardinality": 1,
            "operator_rows_scanned": 0,
            "operator_timing": 0.000002156,
            "operator_type": "STREAMING_LIMIT",
            "children": [
                {
                    "operator_cardinality": 1,
                    "operator_rows_scanned": 0,
                    "operator_timing": 0.04569391900000012,
                    "operator_type": "UNGROUPED_AGGREGATE",
                    "children": [
                        {
                            "operator_cardinality": 11913972,
                            "operator_rows_scanned": 0,
                            "operator_timing": 0.035142103000000084,
                            "operator_type": "PROJECTION",
                            "children": [
                                {
                                    "operator_cardinality": 11913972,
                                    "operator_rows_scanned": 0,
                                    "operator_timing": 2.414056110000015,
                                    "operator_type": "HASH_JOIN",
                                    "children": [
                                        {
                                            "operator_cardinality": 11913972,
                                            "operator_rows_scanned": 600037902,
                                            "operator_timing": 34.789345088999454,
                                            "operator_type": "TABLE_SCAN",
                                            "children": []
                                        },
                                        {
                                            "operator_cardinality": 365,
                                            "operator_rows_scanned": 2556,
                                            "operator_timing": 0.000888853,
                                            "operator_type": "TABLE_SCAN",
                                            "children": []
                                        }
                                    ]
                                }
                            ]
                        }
                    ]
                }
            ]
        }
    ]
}