{
    "query_name": "",
    "children": [
        {
            "operator_cardinality": 1,
            "operator_rows_scanned": 0,
            "operator_timing": 0.000001894,
            "operator_type": "STREAMING_LIMIT",
            "children": [
                {
                    "operator_cardinality": 1,
                    "operator_rows_scanned": 0,
                    "operator_timing": 0.004682533000000001,
                    "operator_type": "UNGROUPED_AGGREGATE",
                    "children": [
                        {
                            "operator_cardinality": 1193001,
                            "operator_rows_scanned": 0,
                            "operator_timing": 0.0036510150000000014,
                            "operator_type": "PROJECTION",
                            "children": [
                                {
                                    "operator_cardinality": 1193001,
                                    "operator_rows_scanned": 0,
                                    "operator_timing": 0.241719965999999,
                                    "operator_type": "HASH_JOIN",
                                    "children": [
                                        {
                                            "operator_cardinality": 1193001,
                                            "operator_rows_scanned": 59986052,
                                            "operator_timing": 3.6540963940000117,
                                            "operator_type": "TABLE_SCAN",
                                            "children": []
                                        },
                                        {
                                            "operator_cardinality": 365,
                                            "operator_rows_scanned": 2556,
                                            "operator_timing": 0.000892739,
                                            "operator_type": "TABLE_SCAN",
                                            "children": []
                                        }
                                    ]
                                }
                            ]
                        }
                    ]
                }
            ]
        }
    ]
}