{
    "query_name": "",
    "children": [
        {
            "operator_cardinality": 7,
            "operator_rows_scanned": 0,
            "operator_timing": 0.000350311,
            "operator_type": "TOP_N",
            "children": [
                {
                    "operator_cardinality": 7,
                    "operator_rows_scanned": 0,
                    "operator_timing": 0.0000052,
                    "operator_type": "PROJECTION",
                    "children": [
                        {
                            "operator_cardinality": 7,
                            "operator_rows_scanned": 0,
                            "operator_timing": 0.000058263,
                            "operator_type": "PROJECTION",
                            "children": [
                                {
                                    "operator_cardinality": 7,
                                    "operator_rows_scanned": 0,
                                    "operator_timing": 0.007219234999999999,
                                    "operator_type": "HASH_GROUP_BY",
                                    "children": [
                                        {
                                            "operator_cardinality": 11847,
                                            "operator_rows_scanned": 0,
                                            "operator_timing": 0.000047893,
                                            "operator_type": "PROJECTION",
                                            "children": [
                                                {
                                                    "operator_cardinality": 11847,
                                                    "operator_rows_scanned": 0,
                                                    "operator_timing": 0.001314962,
                                                    "operator_type": "PROJECTION",
                                                    "children": [
                                                        {
                                                            "operator_cardinality": 11847,
                                                            "operator_rows_scanned": 0,
                                                            "operator_timing": 0.000900243,
                                                            "operator_type": "HASH_JOIN",
                                                            "children": [
                                                                {
                                                                    "operator_cardinality": 11847,
                                                                    "operator_rows_scanned": 0,
                                                                    "operator_timing": 0.0014415700000000003,
                                                                    "operator_type": "HASH_JOIN",
                                                                    "children": [
                                                                        {
                                                                            "operator_cardinality": 59537,
                                                                            "operator_rows_scanned": 0,
                                                                            "operator_timing": 0.4587692180000006,
                                                                            "operator_type": "HASH_JOIN",
                                                                            "children": [
                                                                                {
                                                                                    "operator_cardinality": 59791137,
                                                                                    "operator_rows_scanned": 239944208,
                                                                                    "operator_timing": 1.5312626929999995,
                                                                                    "operator_type": "TABLE_SCAN",
                                                                                    "children": []
                                                                                },
                                                                                {
                                                                                    "operator_cardinality": 596,
                                                                                    "operator_rows_scanned": 0,
                                                                                    "operator_timing": 0.0017706370000000005,
                                                                                    "operator_type": "FILTER",
                                                                                    "children": [
                                                                                        {
                                                                                            "operator_cardinality": 789,
                                                                                            "operator_rows_scanned": 3200000,
                                                                                            "operator_timing": 0.012549479,
                                                                                            "operator_type": "TABLE_SCAN",
                                                                                            "children": []
                                                                                        }
                                                                                    ]
                                                                                }
                                                                            ]
                                                                        },
                                                                        {
                                                                            "operator_cardinality": 3972,
                                                                            "operator_rows_scanned": 20000,
                                                                            "operator_timing": 0.000425625,
                                                                            "operator_type": "TABLE_SCAN",
                                                                            "children": []
                                                                        }
                                                                    ]
                                                                },
                                                                {
                                                                    "operator_cardinality": 2556,
                                                                    "operator_rows_scanned": 2556,
                                                                    "operator_timing": 0.000036258000000000004,
                                                                    "operator_type": "TABLE_SCAN",
                                                                    "children": []
                                                                }
                                                            ]
                                                        }
                                                    ]
                                                }
                                            ]
                                        }
                                    ]
                                }
                            ]
                        }
                    ]
                }
            ]
        }
    ]
}