{
    "query_name": "",
    "children": [
        {
            "operator_cardinality": 7,
            "operator_rows_scanned": 0,
            "operator_timing": 0.000125796,
            "operator_type": "TOP_N",
            "children": [
                {
                    "operator_cardinality": 7,
                    "operator_rows_scanned": 0,
                    "operator_timing": 0.00000237,
                    "operator_type": "PROJECTION",
                    "children": [
                        {
                            "operator_cardinality": 7,
                            "operator_rows_scanned": 0,
                            "operator_timing": 0.000010858999999999999,
                            "operator_type": "PROJECTION",
                            "children": [
                                {
                                    "operator_cardinality": 7,
                                    "operator_rows_scanned": 0,
                                    "operator_timing": 0.001472074,
                                    "operator_type": "HASH_GROUP_BY",
                                    "children": [
                                        {
                                            "operator_cardinality": 1088,
                                            "operator_rows_scanned": 0,
                                            "operator_timing": 0.000004701999999999999,
                                            "operator_type": "PROJECTION",
                                            "children": [
                                                {
                                                    "operator_cardinality": 1088,
                                                    "operator_rows_scanned": 0,
                                                    "operator_timing": 0.000037133,
                                                    "operator_type": "PROJECTION",
                                                    "children": [
                                                        {
                                                            "operator_cardinality": 1088,
                                                            "operator_rows_scanned": 0,
                                                            "operator_timing": 0.0011857749999999998,
                                                            "operator_type": "HASH_JOIN",
                                                            "children": [
                                                                {
                                                                    "operator_cardinality": 2404,
                                                                    "operator_rows_scanned": 2556,
                                                                    "operator_timing": 0.000062079,
                                                                    "operator_type": "TABLE_SCAN",
                                                                    "children": []
                                                                },
                                                                {
                                                                    "operator_cardinality": 1088,
                                                                    "operator_rows_scanned": 0,
                                                                    "operator_timing": 0.0003761309999999999,
                                                                    "operator_type": "HASH_JOIN",
                                                                    "children": [
                                                                        {
                                                                            "operator_cardinality": 5868,
                                                                            "operator_rows_scanned": 0,
                                                                            "operator_timing": 0.045149113,
                                                                            "operator_type": "HASH_JOIN",
                                                                            "children": [
                                                                                {
                                                                                    "operator_cardinality": 5929260,
                                                                                    "operator_rows_scanned": 12002430,
                                                                                    "operator_timing": 0.14224438000000011,
                                                                                    "operator_type": "TABLE_SCAN",
                                                                                    "children": []
                                                                                },
                                                                                {
                                                                                    "operator_cardinality": 203,
                                                                                    "operator_rows_scanned": 400000,
                                                                                    "operator_timing": 0.003088866999999999,
                                                                                    "operator_type": "TABLE_SCAN",
                                                                                    "children": []
                                                                                }
                                                                            ]
                                                                        },
                                                                        {
                                                                            "operator_cardinality": 380,
                                                                            "operator_rows_scanned": 2000,
                                                                            "operator_timing": 0.000198679,
                                                                            "operator_type": "TABLE_SCAN",
                                                                            "children": []
                                                                        }
                                                                    ]
                                                                }
                                                            ]
                                                        }
                                                    ]
                                                }
                                            ]
                                        }
                                    ]
                                }
                            ]
                        }
                    ]
                }
            ]
        }
    ]
}