{
    "query_name": "",
    "children": [
        {
            "operator_cardinality": 7,
            "operator_rows_scanned": 0,
            "operator_timing": 0.000117165,
            "operator_type": "TOP_N",
            "children": [
                {
                    "operator_cardinality": 7,
                    "operator_rows_scanned": 0,
                    "operator_timing": 0.000001269,
                    "operator_type": "PROJECTION",
                    "children": [
                        {
                            "operator_cardinality": 7,
                            "operator_rows_scanned": 0,
                            "operator_timing": 0.000015445,
                            "operator_type": "PROJECTION",
                            "children": [
                                {
                                    "operator_cardinality": 7,
                                    "operator_rows_scanned": 0,
                                    "operator_timing": 0.013888809000000009,
                                    "operator_type": "HASH_GROUP_BY",
                                    "children": [
                                        {
                                            "operator_cardinality": 120205,
                                            "operator_rows_scanned": 0,
                                            "operator_timing": 0.0005470970000000001,
                                            "operator_type": "PROJECTION",
                                            "children": [
                                                {
                                                    "operator_cardinality": 120205,
                                                    "operator_rows_scanned": 0,
                                                    "operator_timing": 0.016219316999999997,
                                                    "operator_type": "PROJECTION",
                                                    "children": [
                                                        {
                                                            "operator_cardinality": 120205,
                                                            "operator_rows_scanned": 0,
                                                            "operator_timing": 0.002871691000000001,
                                                            "operator_type": "HASH_JOIN",
                                                            "children": [
                                                                {
                                                                    "operator_cardinality": 120205,
                                                                    "operator_rows_scanned": 0,
                                                                    "operator_timing": 0.014771347999999991,
                                                                    "operator_type": "HASH_JOIN",
                                                                    "children": [
                                                                        {
                                                                            "operator_cardinality": 601672,
                                                                            "operator_rows_scanned": 0,
                                                                            "operator_timing": 4.850375356999946,
                                                                            "operator_type": "HASH_JOIN",
                                                                            "children": [
                                                                                {
                                                                                    "operator_cardinality": 599088198,
                                                                                    "operator_rows_scanned": 600037902,
                                                                                    "operator_timing": 33.52046262599985,
                                                                                    "operator_type": "TABLE_SCAN",
                                                                                    "children": []
                                                                                },
                                                                                {
                                                                                    "operator_cardinality": 1002,
                                                                                    "operator_rows_scanned": 0,
                                                                                    "operator_timing": 0.0028921379999999955,
                                                                                    "operator_type": "FILTER",
                                                                                    "children": [
                                                                                        {
                                                                                            "operator_cardinality": 1384,
                                                                                            "operator_rows_scanned": 1400000,
                                                                                            "operator_timing": 0.04022016100000001,
                                                                                            "operator_type": "TABLE_SCAN",
                                                                                            "children": []
                                                                                        }
                                                                                    ]
                                                                                }
                                                                            ]
                                                                        },
                                                                        {
                                                                            "operator_cardinality": 39913,
                                                                            "operator_rows_scanned": 200000,
                                                                            "operator_timing": 0.005309726999999997,
                                                                            "operator_type": "TABLE_SCAN",
                                                                            "children": []
                                                                        }
                                                                    ]
                                                                },
                                                                {
                                                                    "operator_cardinality": 2556,
                                                                    "operator_rows_scanned": 2556,
                                                                    "operator_timing": 0.000041952,
                                                                    "operator_type": "TABLE_SCAN",
                                                                    "children": []
                                                                }
                                                            ]
                                                        }
                                                    ]
                                                }
                                            ]
                                        }
                                    ]
                                }
                            ]
                        }
                    ]
                }
            ]
        }
    ]
}