{
    "query_name": "",
    "children": [
        {
            "operator_cardinality": 4,
            "operator_rows_scanned": 0,
            "operator_timing": 0.000151016,
            "operator_type": "TOP_N",
            "children": [
                {
                    "operator_cardinality": 4,
                    "operator_rows_scanned": 0,
                    "operator_timing": 0.00005078400000000001,
                    "operator_type": "PROJECTION",
                    "children": [
                        {
                            "operator_cardinality": 4,
                            "operator_rows_scanned": 0,
                            "operator_timing": 0.009650770999999999,
                            "operator_type": "HASH_GROUP_BY",
                            "children": [
                                {
                                    "operator_cardinality": 53,
                                    "operator_rows_scanned": 0,
                                    "operator_timing": 0.000018520000000000002,
                                    "operator_type": "PROJECTION",
                                    "children": [
                                        {
                                            "operator_cardinality": 53,
                                            "operator_rows_scanned": 0,
                                            "operator_timing": 0.000215629,
                                            "operator_type": "PROJECTION",
                                            "children": [
                                                {
                                                    "operator_cardinality": 53,
                                                    "operator_rows_scanned": 0,
                                                    "operator_timing": 0.001594971,
                                                    "operator_type": "HASH_JOIN",
                                                    "children": [
                                                        {
                                                            "operator_cardinality": 5844,
                                                            "operator_rows_scanned": 0,
                                                            "operator_timing": 0.00973245,
                                                            "operator_type": "HASH_JOIN",
                                                            "children": [
                                                                {
                                                                    "operator_cardinality": 764693,
                                                                    "operator_rows_scanned": 0,
                                                                    "operator_timing": 0.32408438999999994,
                                                                    "operator_type": "HASH_JOIN",
                                                                    "children": [
                                                                        {
                                                                            "operator_cardinality": 764693,
                                                                            "operator_rows_scanned": 479888416,
                                                                            "operator_timing": 1.513453230999999,
                                                                            "operator_type": "TABLE_SCAN",
                                                                            "children": []
                                                                        },
                                                                        {
                                                                            "operator_cardinality": 31,
                                                                            "operator_rows_scanned": 2556,
                                                                            "operator_timing": 0.000098679,
                                                                            "operator_type": "TABLE_SCAN",
                                                                            "children": []
                                                                        }
                                                                    ]
                                                                },
                                                                {
                                                                    "operator_cardinality": 151,
                                                                    "operator_rows_scanned": 0,
                                                                    "operator_timing": 0.00042446,
                                                                    "operator_type": "FILTER",
                                                                    "children": [
                                                                        {
                                                                            "operator_cardinality": 20000,
                                                                            "operator_rows_scanned": 20000,
                                                                            "operator_timing": 0.000288561,
                                                                            "operator_type": "TABLE_SCAN",
                                                                            "children": []
                                                                        }
                                                                    ]
                                                                }
                                                            ]
                                                        },
                                                        {
                                                            "operator_cardinality": 2363,
                                                            "operator_rows_scanned": 0,
                                                            "operator_timing": 0.006122308999999999,
                                                            "operator_type": "FILTER",
                                                            "children": [
                                                                {
                                                                    "operator_cardinality": 299999,
                                                                    "operator_rows_scanned": 900000,
                                                                    "operator_timing": 0.002303296,
                                                                    "operator_type": "TABLE_SCAN",
                                                                    "children": []
                                                                }
                                                            ]
                                                        }
                                                    ]
                                                }
                                            ]
                                        }
                                    ]
                                }
                            ]
                        }
                    ]
                }
            ]
        }
    ]
}