{
    "query_name": "",
    "children": [
        {
            "operator_cardinality": 4,
            "operator_rows_scanned": 0,
            "operator_timing": 0.00013195199999999999,
            "operator_type": "TOP_N",
            "children": [
                {
                    "operator_cardinality": 4,
                    "operator_rows_scanned": 0,
                    "operator_timing": 0.000029681999999999998,
                    "operator_type": "PROJECTION",
                    "children": [
                        {
                            "operator_cardinality": 4,
                            "operator_rows_scanned": 0,
                            "operator_timing": 0.005192063,
                            "operator_type": "HASH_GROUP_BY",
                            "children": [
                                {
                                    "operator_cardinality": 465,
                                    "operator_rows_scanned": 0,
                                    "operator_timing": 0.000008962,
                                    "operator_type": "PROJECTION",
                                    "children": [
                                        {
                                            "operator_cardinality": 465,
                                            "operator_rows_scanned": 0,
                                            "operator_timing": 0.000149119,
                                            "operator_type": "PROJECTION",
                                            "children": [
                                                {
                                                    "operator_cardinality": 465,
                                                    "operator_rows_scanned": 0,
                                                    "operator_timing": 0.0023105240000000004,
                                                    "operator_type": "HASH_JOIN",
                                                    "children": [
                                                        {
                                                            "operator_cardinality": 60474,
                                                            "operator_rows_scanned": 0,
                                                            "operator_timing": 0.001780001,
                                                            "operator_type": "PROJECTION",
                                                            "children": [
                                                                {
                                                                    "operator_cardinality": 60474,
                                                                    "operator_rows_scanned": 0,
                                                                    "operator_timing": 0.18425232500000005,
                                                                    "operator_type": "HASH_JOIN",
                                                                    "children": [
                                                                        {
                                                                            "operator_cardinality": 7718437,
                                                                            "operator_rows_scanned": 0,
                                                                            "operator_timing": 0.028582971999999995,
                                                                            "operator_type": "PROJECTION",
                                                                            "children": [
                                                                                {
                                                                                    "operator_cardinality": 7718437,
                                                                                    "operator_rows_scanned": 0,
                                                                                    "operator_timing": 3.1482813800000233,
                                                                                    "operator_type": "HASH_JOIN",
                                                                                    "children": [
                                                                                        {
                                                                                            "operator_cardinality": 7718437,
                                                                                            "operator_rows_scanned": 2400151608,
                                                                                            "operator_timing": 15.757479436000043,
                                                                                            "operator_type": "TABLE_SCAN",
                                                                                            "children": []
                                                                                        },
                                                                                        {
                                                                                            "operator_cardinality": 31,
                                                                                            "operator_rows_scanned": 2556,
                                                                                            "operator_timing": 0.000099481,
                                                                                            "operator_type": "TABLE_SCAN",
                                                                                            "children": []
                                                                                        }
                                                                                    ]
                                                                                }
                                                                            ]
                                                                        },
                                                                        {
                                                                            "operator_cardinality": 24063,
                                                                            "operator_rows_scanned": 0,
                                                                            "operator_timing": 0.000527378,
                                                                            "operator_type": "PROJECTION",
                                                                            "children": [
                                                                                {
                                                                                    "operator_cardinality": 24063,
                                                                                    "operator_rows_scanned": 0,
                                                                                    "operator_timing": 0.059352399,
                                                                                    "operator_type": "FILTER",
                                                                                    "children": [
                                                                                        {
                                                                                            "operator_cardinality": 2999999,
                                                                                            "operator_rows_scanned": 12000000,
                                                                                            "operator_timing": 0.033560203,
                                                                                            "operator_type": "TABLE_SCAN",
                                                                                            "children": []
                                                                                        }
                                                                                    ]
                                                                                }
                                                                            ]
                                                                        }
                                                                    ]
                                                                }
                                                            ]
                                                        },
                                                        {
                                                            "operator_cardinality": 1630,
                                                            "operator_rows_scanned": 0,
                                                            "operator_timing": 0.004022511999999999,
                                                            "operator_type": "FILTER",
                                                            "children": [
                                                                {
                                                                    "operator_cardinality": 200000,
                                                                    "operator_rows_scanned": 400000,
                                                                    "operator_timing": 0.0014557439999999997,
                                                                    "operator_type": "TABLE_SCAN",
                                                                    "children": []
                                                                }
                                                            ]
                                                        }
                                                    ]
                                                }
                                            ]
                                        }
                                    ]
                                }
                            ]
                        }
                    ]
                }
            ]
        }
    ]
}