{
    "query_name": "",
    "children": [
        {
            "operator_cardinality": 3,
            "operator_rows_scanned": 0,
            "operator_timing": 0.000140119,
            "operator_type": "TOP_N",
            "children": [
                {
                    "operator_cardinality": 3,
                    "operator_rows_scanned": 0,
                    "operator_timing": 0.000037415999999999995,
                    "operator_type": "PROJECTION",
                    "children": [
                        {
                            "operator_cardinality": 3,
                            "operator_rows_scanned": 0,
                            "operator_timing": 0.006636923,
                            "operator_type": "HASH_GROUP_BY",
                            "children": [
                                {
                                    "operator_cardinality": 5,
                                    "operator_rows_scanned": 0,
                                    "operator_timing": 0.000008698,
                                    "operator_type": "PROJECTION",
                                    "children": [
                                        {
                                            "operator_cardinality": 5,
                                            "operator_rows_scanned": 0,
                                            "operator_timing": 0.000137099,
                                            "operator_type": "PROJECTION",
                                            "children": [
                                                {
                                                    "operator_cardinality": 5,
                                                    "operator_rows_scanned": 0,
                                                    "operator_timing": 0.0010308250000000002,
                                                    "operator_type": "HASH_JOIN",
                                                    "children": [
                                                        {
                                                            "operator_cardinality": 448,
                                                            "operator_rows_scanned": 0,
                                                            "operator_timing": 0.0016350460000000002,
                                                            "operator_type": "HASH_JOIN",
                                                            "children": [
                                                                {
                                                                    "operator_cardinality": 67217,
                                                                    "operator_rows_scanned": 0,
                                                                    "operator_timing": 0.04090555400000001,
                                                                    "operator_type": "HASH_JOIN",
                                                                    "children": [
                                                                        {
                                                                            "operator_cardinality": 67217,
                                                                            "operator_rows_scanned": 48009720,
                                                                            "operator_timing": 0.16872927400000007,
                                                                            "operator_type": "TABLE_SCAN",
                                                                            "children": []
                                                                        },
                                                                        {
                                                                            "operator_cardinality": 31,
                                                                            "operator_rows_scanned": 2556,
                                                                            "operator_timing": 0.000181958,
                                                                            "operator_type": "TABLE_SCAN",
                                                                            "children": []
                                                                        }
                                                                    ]
                                                                },
                                                                {
                                                                    "operator_cardinality": 13,
                                                                    "operator_rows_scanned": 0,
                                                                    "operator_timing": 0.000051209,
                                                                    "operator_type": "FILTER",
                                                                    "children": [
                                                                        {
                                                                            "operator_cardinality": 2000,
                                                                            "operator_rows_scanned": 2000,
                                                                            "operator_timing": 0.00017853299999999998,
                                                                            "operator_type": "TABLE_SCAN",
                                                                            "children": []
                                                                        }
                                                                    ]
                                                                }
                                                            ]
                                                        },
                                                        {
                                                            "operator_cardinality": 253,
                                                            "operator_rows_scanned": 0,
                                                            "operator_timing": 0.0016267580000000003,
                                                            "operator_type": "FILTER",
                                                            "children": [
                                                                {
                                                                    "operator_cardinality": 29999,
                                                                    "operator_rows_scanned": 30000,
                                                                    "operator_timing": 0.001095624,
                                                                    "operator_type": "TABLE_SCAN",
                                                                    "children": []
                                                                }
                                                            ]
                                                        }
                                                    ]
                                                }
                                            ]
                                        }
                                    ]
                                }
                            ]
                        }
                    ]
                }
            ]
        }
    ]
}