{
    "query_name": "",
    "children": [
        {
            "operator_cardinality": 3,
            "operator_rows_scanned": 0,
            "operator_timing": 0.00008544299999999999,
            "operator_type": "TOP_N",
            "children": [
                {
                    "operator_cardinality": 3,
                    "operator_rows_scanned": 0,
                    "operator_timing": 0.000026500999999999996,
                    "operator_type": "PROJECTION",
                    "children": [
                        {
                            "operator_cardinality": 3,
                            "operator_rows_scanned": 0,
                            "operator_timing": 0.004203781,
                            "operator_type": "HASH_GROUP_BY",
                            "children": [
                                {
                                    "operator_cardinality": 5,
                                    "operator_rows_scanned": 0,
                                    "operator_timing": 0.000006974,
                                    "operator_type": "PROJECTION",
                                    "children": [
                                        {
                                            "operator_cardinality": 5,
                                            "operator_rows_scanned": 0,
                                            "operator_timing": 0.000103481,
                                            "operator_type": "PROJECTION",
                                            "children": [
                                                {
                                                    "operator_cardinality": 5,
                                                    "operator_rows_scanned": 0,
                                                    "operator_timing": 0.000454124,
                                                    "operator_type": "HASH_JOIN",
                                                    "children": [
                                                        {
                                                            "operator_cardinality": 448,
                                                            "operator_rows_scanned": 0,
                                                            "operator_timing": 0.0009835789999999998,
                                                            "operator_type": "HASH_JOIN",
                                                            "children": [
                                                                {
                                                                    "operator_cardinality": 67217,
                                                                    "operator_rows_scanned": 0,
                                                                    "operator_timing": 0.031843057,
                                                                    "operator_type": "HASH_JOIN",
                                                                    "children": [
                                                                        {
                                                                            "operator_cardinality": 67217,
                                                                            "operator_rows_scanned": 24004860,
                                                                            "operator_timing": 0.12565611,
                                                                            "operator_type": "TABLE_SCAN",
                                                                            "children": []
                                                                        },
                                                                        {
                                                                            "operator_cardinality": 31,
                                                                            "operator_rows_scanned": 2556,
                                                                            "operator_timing": 0.000100757,
                                                                            "operator_type": "TABLE_SCAN",
                                                                            "children": []
                                                                        }
                                                                    ]
                                                                },
                                                                {
                                                                    "operator_cardinality": 13,
                                                                    "operator_rows_scanned": 0,
                                                                    "operator_timing": 0.000049499,
                                                                    "operator_type": "FILTER",
                                                                    "children": [
                                                                        {
                                                                            "operator_cardinality": 2000,
                                                                            "operator_rows_scanned": 2000,
                                                                            "operator_timing": 0.00020535600000000002,
                                                                            "operator_type": "TABLE_SCAN",
                                                                            "children": []
                                                                        }
                                                                    ]
                                                                }
                                                            ]
                                                        },
                                                        {
                                                            "operator_cardinality": 253,
                                                            "operator_rows_scanned": 0,
                                                            "operator_timing": 0.0006418170000000001,
                                                            "operator_type": "FILTER",
                                                            "children": [
                                                                {
                                                                    "operator_cardinality": 29999,
                                                                    "operator_rows_scanned": 30000,
                                                                    "operator_timing": 0.00041022699999999993,
                                                                    "operator_type": "TABLE_SCAN",
                                                                    "children": []
                                                                }
                                                            ]
                                                        }
                                                    ]
                                                }
                                            ]
                                        }
                                    ]
                                }
                            ]
                        }
                    ]
                }
            ]
        }
    ]
}